This file contains any messages produced by compilers while
running configure, to aid debugging if configure makes a mistake.

It was created by HarfBuzz configure 7.3.0, which was
generated by GNU Autoconf 2.69.  Invocation command line was

  $ ./configure 

## --------- ##
## Platform. ##
## --------- ##

hostname = hugob-WD6M
uname -m = arm64
uname -r = 22.4.0
uname -s = Darwin
uname -v = Darwin Kernel Version 22.4.0: Mon Mar  6 20:59:28 PST 2023; root:xnu-8796.101.5~3/RELEASE_ARM64_T6000

/usr/bin/uname -p = arm
/bin/uname -X     = unknown

/bin/arch              = unknown
/usr/bin/arch -k       = unknown
/usr/convex/getsysinfo = unknown
/usr/bin/hostinfo      = Mach kernel version:
	 Darwin Kernel Version 22.4.0: Mon Mar  6 20:59:28 PST 2023; root:xnu-8796.101.5~3/RELEASE_ARM64_T6000
Kernel configured for up to 10 processors.
10 processors are physically available.
10 processors are logically available.
Processor type: arm64e (ARM64E)
Processors active: 0 1 2 3 4 5 6 7 8 9
Primary memory available: 32.00 gigabytes
Default processor set: 680 tasks, 3864 threads, 10 processors
Load average: 6.37, Mach factor: 4.62
/bin/machine           = unknown
/usr/bin/oslevel       = unknown
/bin/universe          = unknown

PATH: /Library/Frameworks/Python.framework/Versions/2.7/bin
PATH: /Library/Frameworks/Python.framework/Versions/2.7/bin
PATH: /usr/local/bin
PATH: /System/Cryptexes/App/usr/bin
PATH: /usr/bin
PATH: /bin
PATH: /usr/sbin
PATH: /sbin
PATH: /Applications/VMware Fusion.app/Contents/Public
PATH: /usr/local/share/dotnet
PATH: /usr/local/munki
PATH: ~/.dotnet/tools
PATH: /Library/Apple/usr/bin
PATH: /Library/Frameworks/Mono.framework/Versions/Current/Commands
PATH: /var/run/com.apple.security.cryptexd/codex.system/bootstrap/usr/local/bin
PATH: /var/run/com.apple.security.cryptexd/codex.system/bootstrap/usr/bin
PATH: /var/run/com.apple.security.cryptexd/codex.system/bootstrap/usr/appleinternal/bin;C
PATH: \Program Files\7-Zip;C
PATH: \Program Files\nodejs


## ----------- ##
## Core tests. ##
## ----------- ##

configure:2969: checking for a BSD-compatible install
configure:3037: result: /usr/bin/install -c
configure:3048: checking whether build environment is sane
configure:3103: result: yes
configure:3254: checking for a thread-safe mkdir -p
configure:3293: result: ./install-sh -c -d
configure:3300: checking for gawk
configure:3330: result: no
configure:3300: checking for mawk
configure:3330: result: no
configure:3300: checking for nawk
configure:3330: result: no
configure:3300: checking for awk
configure:3316: found /usr/bin/awk
configure:3327: result: awk
configure:3338: checking whether make sets $(MAKE)
configure:3360: result: yes
configure:3389: checking whether make supports nested variables
configure:3406: result: yes
configure:3486: checking whether UID '501' is supported by ustar format
configure:3489: result: yes
configure:3496: checking whether GID '20' is supported by ustar format
configure:3499: result: yes
configure:3507: checking how to create a ustar tar archive
configure:3518: tar --version
bsdtar 3.5.3 - libarchive 3.5.3 zlib/1.2.11 liblzma/5.0.5 bz2lib/1.0.8 
configure:3521: $? = 0
configure:3561: tardir=conftest.dir && eval tar --format=ustar -chf - "$tardir" >conftest.tar
configure:3564: $? = 0
configure:3568: tar -xf - <conftest.tar
configure:3571: $? = 0
configure:3573: cat conftest.dir/file
GrepMe
configure:3576: $? = 0
configure:3589: result: gnutar
configure:3650: checking whether make supports nested variables
configure:3667: result: yes
configure:3678: checking for a sed that does not truncate output
configure:3742: result: /usr/bin/sed
configure:3760: checking whether to build with code coverage support
configure:3780: result: no
configure:4123: checking whether make supports the include directive
configure:4138: make -f confmf.GNU && cat confinc.out
this is the am__doit target
configure:4141: $? = 0
configure:4160: result: yes (GNU style)
configure:4230: checking for gcc
configure:4246: found /usr/bin/gcc
configure:4257: result: gcc
configure:4486: checking for C compiler version
configure:4495: gcc --version >&5
Apple clang version 14.0.3 (clang-1403.0.22.14.1)
Target: arm64-apple-darwin22.4.0
Thread model: posix
InstalledDir: /Applications/Xcode.app/Contents/Developer/Toolchains/XcodeDefault.xctoolchain/usr/bin
configure:4506: $? = 0
configure:4495: gcc -v >&5
Apple clang version 14.0.3 (clang-1403.0.22.14.1)
Target: arm64-apple-darwin22.4.0
Thread model: posix
InstalledDir: /Applications/Xcode.app/Contents/Developer/Toolchains/XcodeDefault.xctoolchain/usr/bin
configure:4506: $? = 0
configure:4495: gcc -V >&5
clang: error: argument to '-V' is missing (expected 1 value)
clang: error: no input files
configure:4506: $? = 1
configure:4495: gcc -qversion >&5
clang: error: unknown argument '-qversion'; did you mean '--version'?
clang: error: no input files
configure:4506: $? = 1
configure:4526: checking whether the C compiler works
configure:4548: gcc    conftest.c  >&5
configure:4552: $? = 0
configure:4600: result: yes
configure:4603: checking for C compiler default output file name
configure:4605: result: a.out
configure:4611: checking for suffix of executables
configure:4618: gcc -o conftest    conftest.c  >&5
configure:4622: $? = 0
configure:4644: result: 
configure:4666: checking whether we are cross compiling
configure:4674: gcc -o conftest    conftest.c  >&5
configure:4678: $? = 0
configure:4685: ./conftest
configure:4689: $? = 0
configure:4704: result: no
configure:4709: checking for suffix of object files
configure:4731: gcc -c   conftest.c >&5
configure:4735: $? = 0
configure:4756: result: o
configure:4760: checking whether we are using the GNU C compiler
configure:4779: gcc -c   conftest.c >&5
configure:4779: $? = 0
configure:4788: result: yes
configure:4797: checking whether gcc accepts -g
configure:4817: gcc -c -g  conftest.c >&5
configure:4817: $? = 0
configure:4858: result: yes
configure:4875: checking for gcc option to accept ISO C89
configure:4938: gcc  -c -g -O2  conftest.c >&5
conftest.c:15:14: warning: a function declaration without a prototype is deprecated in all versions of C and is not supported in C2x [-Wdeprecated-non-prototype]
static char *e (p, i)
             ^
1 warning generated.
configure:4938: $? = 0
configure:4951: result: none needed
configure:4976: checking whether gcc understands -c and -o together
configure:4998: gcc -c conftest.c -o conftest2.o
configure:5001: $? = 0
configure:4998: gcc -c conftest.c -o conftest2.o
configure:5001: $? = 0
configure:5013: result: yes
configure:5032: checking dependency style of gcc
configure:5143: result: gcc3
configure:5208: checking for ar
configure:5224: found /usr/bin/ar
configure:5235: result: ar
configure:5261: checking the archiver (ar) interface
configure:5277: gcc -c -g -O2  conftest.c >&5
configure:5277: $? = 0
configure:5279: ar cru libconftest.a conftest.o >&5
configure:5282: $? = 0
configure:5310: result: ar
configure:5360: checking build system type
configure:5374: result: arm-apple-darwin22.4.0
configure:5394: checking host system type
configure:5407: result: arm-apple-darwin22.4.0
configure:5448: checking how to print strings
configure:5475: result: printf
configure:5496: checking for a sed that does not truncate output
configure:5560: result: /usr/bin/sed
configure:5578: checking for grep that handles long lines and -e
configure:5636: result: /usr/bin/grep
configure:5641: checking for egrep
configure:5703: result: /usr/bin/grep -E
configure:5708: checking for fgrep
configure:5770: result: /usr/bin/grep -F
configure:5805: checking for ld used by gcc
configure:5872: result: /Applications/Xcode.app/Contents/Developer/Toolchains/XcodeDefault.xctoolchain/usr/bin/ld
configure:5879: checking if the linker (/Applications/Xcode.app/Contents/Developer/Toolchains/XcodeDefault.xctoolchain/usr/bin/ld) is GNU ld
configure:5894: result: no
configure:5906: checking for BSD- or MS-compatible name lister (nm)
configure:5960: result: /usr/bin/nm -B
configure:6090: checking the name lister (/usr/bin/nm -B) interface
configure:6097: gcc -c -g -O2  conftest.c >&5
configure:6100: /usr/bin/nm -B "conftest.o"
configure:6103: output
0000000000000260 S _some_variable
0000000000000000 t ltmp0
0000000000000260 s ltmp1
configure:6110: result: BSD nm
configure:6113: checking whether ln -s works
configure:6117: result: yes
configure:6125: checking the maximum length of command line arguments
configure:6256: result: 786432
configure:6304: checking how to convert arm-apple-darwin22.4.0 file names to arm-apple-darwin22.4.0 format
configure:6344: result: func_convert_file_noop
configure:6351: checking how to convert arm-apple-darwin22.4.0 file names to toolchain format
configure:6371: result: func_convert_file_noop
configure:6378: checking for /Applications/Xcode.app/Contents/Developer/Toolchains/XcodeDefault.xctoolchain/usr/bin/ld option to reload object files
configure:6385: result: -r
configure:6459: checking for objdump
configure:6475: found /usr/bin/objdump
configure:6486: result: objdump
configure:6518: checking how to recognize dependent libraries
configure:6718: result: pass_all
configure:6803: checking for dlltool
configure:6833: result: no
configure:6863: checking how to associate runtime and link libraries
configure:6890: result: printf %s\n
configure:7014: checking for archiver @FILE support
configure:7031: gcc -c -g -O2  conftest.c >&5
configure:7031: $? = 0
configure:7034: ar cr libconftest.a @conftest.lst >&5
ar: @conftest.lst: No such file or directory
configure:7037: $? = 1
configure:7057: result: no
configure:7115: checking for strip
configure:7131: found /usr/bin/strip
configure:7142: result: strip
configure:7214: checking for ranlib
configure:7230: found /usr/bin/ranlib
configure:7241: result: ranlib
configure:7343: checking command to parse /usr/bin/nm -B output from gcc object
configure:7496: gcc -c -g -O2  conftest.c >&5
configure:7499: $? = 0
configure:7503: /usr/bin/nm -B conftest.o | sed -n -e 's/^.*[	 ]\([ABCDGIRSTW][ABCDGIRSTW]*\)[	 ][	 ]*\([_A-Za-z][_A-Za-z0-9]*\)$/\1 \2 \2/p' | sed '/ __gnu_lto/d' > conftest.nm
cannot find nm_test_var in conftest.nm
configure:7496: gcc -c -g -O2  conftest.c >&5
configure:7499: $? = 0
configure:7503: /usr/bin/nm -B conftest.o | sed -n -e 's/^.*[	 ]\([ABCDGIRSTW][ABCDGIRSTW]*\)[	 ][	 ]*_\([_A-Za-z][_A-Za-z0-9]*\)$/\1 _\2 \2/p' | sed '/ __gnu_lto/d' > conftest.nm
configure:7569: gcc -o conftest -g -O2   conftest.c conftstm.o >&5
warning: (arm64)  could not find object file symbol for symbol _main
configure:7572: $? = 0
configure:7610: result: ok
configure:7657: checking for sysroot
configure:7687: result: no
configure:7694: checking for a working dd
configure:7732: result: /bin/dd
configure:7736: checking how to truncate binary pipes
configure:7751: result: /bin/dd bs=4096 count=1
configure:8080: checking for mt
configure:8110: result: no
configure:8130: checking if : is a manifest tool
configure:8136: : '-?'
configure:8144: result: no
configure:8200: checking for dsymutil
configure:8216: found /usr/bin/dsymutil
configure:8227: result: dsymutil
configure:8292: checking for nmedit
configure:8308: found /usr/bin/nmedit
configure:8319: result: nmedit
configure:8384: checking for lipo
configure:8400: found /usr/bin/lipo
configure:8411: result: lipo
configure:8476: checking for otool
configure:8492: found /usr/bin/otool
configure:8503: result: otool
configure:8568: checking for otool64
configure:8598: result: no
configure:8643: checking for -single_module linker flag
gcc -g -O2  -o libconftest.dylib -dynamiclib -Wl,-single_module conftest.c
configure:8676: result: yes
configure:8679: checking for -exported_symbols_list linker flag
configure:8699: gcc -o conftest -g -O2   -Wl,-exported_symbols_list,conftest.sym conftest.c  >&5
configure:8699: $? = 0
configure:8709: result: yes
configure:8712: checking for -force_load linker flag
gcc -g -O2 -c -o conftest.o conftest.c
ar cr libconftest.a conftest.o
ranlib libconftest.a
gcc -g -O2  -o conftest conftest.c -Wl,-force_load,./libconftest.a
configure:8744: result: yes
configure:8821: checking how to run the C preprocessor
configure:8852: gcc -E  conftest.c
configure:8852: $? = 0
configure:8866: gcc -E  conftest.c
conftest.c:9:10: fatal error: 'ac_nonexistent.h' file not found
#include <ac_nonexistent.h>
         ^~~~~~~~~~~~~~~~~~
1 error generated.
configure:8866: $? = 1
configure: failed program was:
| /* confdefs.h */
| #define PACKAGE_NAME "HarfBuzz"
| #define PACKAGE_TARNAME "harfbuzz"
| #define PACKAGE_VERSION "7.3.0"
| #define PACKAGE_STRING "HarfBuzz 7.3.0"
| #define PACKAGE_BUGREPORT "https://github.com/harfbuzz/harfbuzz/issues/new"
| #define PACKAGE_URL "http://harfbuzz.org/"
| /* end confdefs.h.  */
| #include <ac_nonexistent.h>
configure:8891: result: gcc -E
configure:8911: gcc -E  conftest.c
configure:8911: $? = 0
configure:8925: gcc -E  conftest.c
conftest.c:9:10: fatal error: 'ac_nonexistent.h' file not found
#include <ac_nonexistent.h>
         ^~~~~~~~~~~~~~~~~~
1 error generated.
configure:8925: $? = 1
configure: failed program was:
| /* confdefs.h */
| #define PACKAGE_NAME "HarfBuzz"
| #define PACKAGE_TARNAME "harfbuzz"
| #define PACKAGE_VERSION "7.3.0"
| #define PACKAGE_STRING "HarfBuzz 7.3.0"
| #define PACKAGE_BUGREPORT "https://github.com/harfbuzz/harfbuzz/issues/new"
| #define PACKAGE_URL "http://harfbuzz.org/"
| /* end confdefs.h.  */
| #include <ac_nonexistent.h>
configure:8954: checking for ANSI C header files
configure:8974: gcc -c -g -O2  conftest.c >&5
configure:8974: $? = 0
configure:9047: gcc -o conftest -g -O2   conftest.c  >&5
configure:9047: $? = 0
configure:9047: ./conftest
configure:9047: $? = 0
configure:9058: result: yes
configure:9071: checking for sys/types.h
configure:9071: gcc -c -g -O2  conftest.c >&5
configure:9071: $? = 0
configure:9071: result: yes
configure:9071: checking for sys/stat.h
configure:9071: gcc -c -g -O2  conftest.c >&5
configure:9071: $? = 0
configure:9071: result: yes
configure:9071: checking for stdlib.h
configure:9071: gcc -c -g -O2  conftest.c >&5
configure:9071: $? = 0
configure:9071: result: yes
configure:9071: checking for string.h
configure:9071: gcc -c -g -O2  conftest.c >&5
configure:9071: $? = 0
configure:9071: result: yes
configure:9071: checking for memory.h
configure:9071: gcc -c -g -O2  conftest.c >&5
configure:9071: $? = 0
configure:9071: result: yes
configure:9071: checking for strings.h
configure:9071: gcc -c -g -O2  conftest.c >&5
configure:9071: $? = 0
configure:9071: result: yes
configure:9071: checking for inttypes.h
configure:9071: gcc -c -g -O2  conftest.c >&5
configure:9071: $? = 0
configure:9071: result: yes
configure:9071: checking for stdint.h
configure:9071: gcc -c -g -O2  conftest.c >&5
configure:9071: $? = 0
configure:9071: result: yes
configure:9071: checking for unistd.h
configure:9071: gcc -c -g -O2  conftest.c >&5
configure:9071: $? = 0
configure:9071: result: yes
configure:9085: checking for dlfcn.h
configure:9085: gcc -c -g -O2  conftest.c >&5
configure:9085: $? = 0
configure:9085: result: yes
configure:9340: checking for objdir
configure:9355: result: .libs
configure:9619: checking if gcc supports -fno-rtti -fno-exceptions
configure:9637: gcc -c -g -O2  -fno-rtti -fno-exceptions conftest.c >&5
configure:9641: $? = 0
configure:9654: result: yes
configure:10018: checking for gcc option to produce PIC
configure:10025: result: -fno-common -DPIC
configure:10033: checking if gcc PIC flag -fno-common -DPIC works
configure:10051: gcc -c -g -O2  -fno-common -DPIC -DPIC conftest.c >&5
configure:10055: $? = 0
configure:10068: result: yes
configure:10097: checking if gcc static flag -static works
configure:10125: result: no
configure:10140: checking if gcc supports -c -o file.o
configure:10161: gcc -c -g -O2  -o out/conftest2.o conftest.c >&5
configure:10165: $? = 0
configure:10187: result: yes
configure:10195: checking if gcc supports -c -o file.o
configure:10242: result: yes
configure:10275: checking whether the gcc linker (/Applications/Xcode.app/Contents/Developer/Toolchains/XcodeDefault.xctoolchain/usr/bin/ld) supports shared libraries
configure:11538: result: yes
configure:11778: checking dynamic linker characteristics
configure:12608: result: darwin22.4.0 dyld
configure:12730: checking how to hardcode library paths into programs
configure:12755: result: immediate
configure:13303: checking whether stripping libraries is possible
configure:13317: result: yes
configure:13343: checking if libtool supports shared libraries
configure:13345: result: yes
configure:13348: checking whether to build shared libraries
configure:13373: result: yes
configure:13376: checking whether to build static libraries
configure:13380: result: no
configure:13467: checking for gcc
configure:13494: result: gcc
configure:13723: checking for C compiler version
configure:13732: gcc --version >&5
Apple clang version 14.0.3 (clang-1403.0.22.14.1)
Target: arm64-apple-darwin22.4.0
Thread model: posix
InstalledDir: /Applications/Xcode.app/Contents/Developer/Toolchains/XcodeDefault.xctoolchain/usr/bin
configure:13743: $? = 0
configure:13732: gcc -v >&5
Apple clang version 14.0.3 (clang-1403.0.22.14.1)
Target: arm64-apple-darwin22.4.0
Thread model: posix
InstalledDir: /Applications/Xcode.app/Contents/Developer/Toolchains/XcodeDefault.xctoolchain/usr/bin
configure:13743: $? = 0
configure:13732: gcc -V >&5
clang: error: argument to '-V' is missing (expected 1 value)
clang: error: no input files
configure:13743: $? = 1
configure:13732: gcc -qversion >&5
clang: error: unknown argument '-qversion'; did you mean '--version'?
clang: error: no input files
configure:13743: $? = 1
configure:13747: checking whether we are using the GNU C compiler
configure:13775: result: yes
configure:13784: checking whether gcc accepts -g
configure:13845: result: yes
configure:13862: checking for gcc option to accept ISO C89
configure:13938: result: none needed
configure:13963: checking whether gcc understands -c and -o together
configure:14000: result: yes
configure:14019: checking dependency style of gcc
configure:14130: result: gcc3
configure:14145: checking for gcc option to accept ISO C99
configure:14294: gcc  -c -g -O2  conftest.c >&5
configure:14294: $? = 0
configure:14307: result: none needed
configure:14381: checking for g++
configure:14397: found /usr/bin/g++
configure:14408: result: g++
configure:14435: checking for C++ compiler version
configure:14444: g++ --version >&5
Apple clang version 14.0.3 (clang-1403.0.22.14.1)
Target: arm64-apple-darwin22.4.0
Thread model: posix
InstalledDir: /Applications/Xcode.app/Contents/Developer/Toolchains/XcodeDefault.xctoolchain/usr/bin
configure:14455: $? = 0
configure:14444: g++ -v >&5
Apple clang version 14.0.3 (clang-1403.0.22.14.1)
Target: arm64-apple-darwin22.4.0
Thread model: posix
InstalledDir: /Applications/Xcode.app/Contents/Developer/Toolchains/XcodeDefault.xctoolchain/usr/bin
configure:14455: $? = 0
configure:14444: g++ -V >&5
clang: error: argument to '-V' is missing (expected 1 value)
clang: error: no input files
configure:14455: $? = 1
configure:14444: g++ -qversion >&5
clang: error: unknown argument '-qversion'; did you mean '--version'?
clang: error: no input files
configure:14455: $? = 1
configure:14459: checking whether we are using the GNU C++ compiler
configure:14478: g++ -c   conftest.cpp >&5
configure:14478: $? = 0
configure:14487: result: yes
configure:14496: checking whether g++ accepts -g
configure:14516: g++ -c -g  conftest.cpp >&5
configure:14516: $? = 0
configure:14557: result: yes
configure:14582: checking dependency style of g++
configure:14693: result: gcc3
configure:14726: checking how to run the C++ preprocessor
configure:14753: g++ -E  conftest.cpp
configure:14753: $? = 0
configure:14767: g++ -E  conftest.cpp
conftest.cpp:21:10: fatal error: 'ac_nonexistent.h' file not found
#include <ac_nonexistent.h>
         ^~~~~~~~~~~~~~~~~~
1 error generated.
configure:14767: $? = 1
configure: failed program was:
| /* confdefs.h */
| #define PACKAGE_NAME "HarfBuzz"
| #define PACKAGE_TARNAME "harfbuzz"
| #define PACKAGE_VERSION "7.3.0"
| #define PACKAGE_STRING "HarfBuzz 7.3.0"
| #define PACKAGE_BUGREPORT "https://github.com/harfbuzz/harfbuzz/issues/new"
| #define PACKAGE_URL "http://harfbuzz.org/"
| #define STDC_HEADERS 1
| #define HAVE_SYS_TYPES_H 1
| #define HAVE_SYS_STAT_H 1
| #define HAVE_STDLIB_H 1
| #define HAVE_STRING_H 1
| #define HAVE_MEMORY_H 1
| #define HAVE_STRINGS_H 1
| #define HAVE_INTTYPES_H 1
| #define HAVE_STDINT_H 1
| #define HAVE_UNISTD_H 1
| #define HAVE_DLFCN_H 1
| #define LT_OBJDIR ".libs/"
| /* end confdefs.h.  */
| #include <ac_nonexistent.h>
configure:14792: result: g++ -E
configure:14812: g++ -E  conftest.cpp
configure:14812: $? = 0
configure:14826: g++ -E  conftest.cpp
conftest.cpp:21:10: fatal error: 'ac_nonexistent.h' file not found
#include <ac_nonexistent.h>
         ^~~~~~~~~~~~~~~~~~
1 error generated.
configure:14826: $? = 1
configure: failed program was:
| /* confdefs.h */
| #define PACKAGE_NAME "HarfBuzz"
| #define PACKAGE_TARNAME "harfbuzz"
| #define PACKAGE_VERSION "7.3.0"
| #define PACKAGE_STRING "HarfBuzz 7.3.0"
| #define PACKAGE_BUGREPORT "https://github.com/harfbuzz/harfbuzz/issues/new"
| #define PACKAGE_URL "http://harfbuzz.org/"
| #define STDC_HEADERS 1
| #define HAVE_SYS_TYPES_H 1
| #define HAVE_SYS_STAT_H 1
| #define HAVE_STDLIB_H 1
| #define HAVE_STRING_H 1
| #define HAVE_MEMORY_H 1
| #define HAVE_STRINGS_H 1
| #define HAVE_INTTYPES_H 1
| #define HAVE_STDINT_H 1
| #define HAVE_UNISTD_H 1
| #define HAVE_DLFCN_H 1
| #define LT_OBJDIR ".libs/"
| /* end confdefs.h.  */
| #include <ac_nonexistent.h>
configure:14988: checking for ld used by g++
configure:15055: result: /Applications/Xcode.app/Contents/Developer/Toolchains/XcodeDefault.xctoolchain/usr/bin/ld
configure:15062: checking if the linker (/Applications/Xcode.app/Contents/Developer/Toolchains/XcodeDefault.xctoolchain/usr/bin/ld) is GNU ld
configure:15077: result: no
configure:15132: checking whether the g++ linker (/Applications/Xcode.app/Contents/Developer/Toolchains/XcodeDefault.xctoolchain/usr/bin/ld) supports shared libraries
configure:16205: result: yes
configure:16241: g++ -c -g -O2  conftest.cpp >&5
configure:16244: $? = 0
configure:16725: checking for g++ option to produce PIC
configure:16732: result: -fno-common -DPIC
configure:16740: checking if g++ PIC flag -fno-common -DPIC works
configure:16758: g++ -c -g -O2  -fno-common -DPIC -DPIC conftest.cpp >&5
configure:16762: $? = 0
configure:16775: result: yes
configure:16798: checking if g++ static flag -static works
configure:16826: result: no
configure:16838: checking if g++ supports -c -o file.o
configure:16859: g++ -c -g -O2  -o out/conftest2.o conftest.cpp >&5
configure:16863: $? = 0
configure:16885: result: yes
configure:16890: checking if g++ supports -c -o file.o
configure:16937: result: yes
configure:16967: checking whether the g++ linker (/Applications/Xcode.app/Contents/Developer/Toolchains/XcodeDefault.xctoolchain/usr/bin/ld) supports shared libraries
configure:17010: result: yes
configure:17151: checking dynamic linker characteristics
configure:17908: result: darwin22.4.0 dyld
configure:17973: checking how to hardcode library paths into programs
configure:17998: result: immediate
configure:18045: checking whether g++ supports C++11 features by default
configure:18339: g++ -c -g -O2  conftest.cpp >&5
conftest.cpp:32:2: error: "This is not a C++11 compiler"
#error "This is not a C++11 compiler"
 ^
1 error generated.
configure:18339: $? = 1
configure: failed program was:
| /* confdefs.h */
| #define PACKAGE_NAME "HarfBuzz"
| #define PACKAGE_TARNAME "harfbuzz"
| #define PACKAGE_VERSION "7.3.0"
| #define PACKAGE_STRING "HarfBuzz 7.3.0"
| #define PACKAGE_BUGREPORT "https://github.com/harfbuzz/harfbuzz/issues/new"
| #define PACKAGE_URL "http://harfbuzz.org/"
| #define STDC_HEADERS 1
| #define HAVE_SYS_TYPES_H 1
| #define HAVE_SYS_STAT_H 1
| #define HAVE_STDLIB_H 1
| #define HAVE_STRING_H 1
| #define HAVE_MEMORY_H 1
| #define HAVE_STRINGS_H 1
| #define HAVE_INTTYPES_H 1
| #define HAVE_STDINT_H 1
| #define HAVE_UNISTD_H 1
| #define HAVE_DLFCN_H 1
| #define LT_OBJDIR ".libs/"
| /* end confdefs.h.  */
| 
| 
| // If the compiler admits that it is not ready for C++11, why torture it?
| // Hopefully, this will speed up the test.
| 
| #ifndef __cplusplus
| 
| #error "This is not a C++ compiler"
| 
| #elif __cplusplus < 201103L
| 
| #error "This is not a C++11 compiler"
| 
| #else
| 
| namespace cxx11
| {
| 
|   namespace test_static_assert
|   {
| 
|     template <typename T>
|     struct check
|     {
|       static_assert(sizeof(int) <= sizeof(T), "not big enough");
|     };
| 
|   }
| 
|   namespace test_final_override
|   {
| 
|     struct Base
|     {
|       virtual void f() {}
|     };
| 
|     struct Derived : public Base
|     {
|       virtual void f() override {}
|     };
| 
|   }
| 
|   namespace test_double_right_angle_brackets
|   {
| 
|     template < typename T >
|     struct check {};
| 
|     typedef check<void> single_type;
|     typedef check<check<void>> double_type;
|     typedef check<check<check<void>>> triple_type;
|     typedef check<check<check<check<void>>>> quadruple_type;
| 
|   }
| 
|   namespace test_decltype
|   {
| 
|     int
|     f()
|     {
|       int a = 1;
|       decltype(a) b = 2;
|       return a + b;
|     }
| 
|   }
| 
|   namespace test_type_deduction
|   {
| 
|     template < typename T1, typename T2 >
|     struct is_same
|     {
|       static const bool value = false;
|     };
| 
|     template < typename T >
|     struct is_same<T, T>
|     {
|       static const bool value = true;
|     };
| 
|     template < typename T1, typename T2 >
|     auto
|     add(T1 a1, T2 a2) -> decltype(a1 + a2)
|     {
|       return a1 + a2;
|     }
| 
|     int
|     test(const int c, volatile int v)
|     {
|       static_assert(is_same<int, decltype(0)>::value == true, "");
|       static_assert(is_same<int, decltype(c)>::value == false, "");
|       static_assert(is_same<int, decltype(v)>::value == false, "");
|       auto ac = c;
|       auto av = v;
|       auto sumi = ac + av + 'x';
|       auto sumf = ac + av + 1.0;
|       static_assert(is_same<int, decltype(ac)>::value == true, "");
|       static_assert(is_same<int, decltype(av)>::value == true, "");
|       static_assert(is_same<int, decltype(sumi)>::value == true, "");
|       static_assert(is_same<int, decltype(sumf)>::value == false, "");
|       static_assert(is_same<int, decltype(add(c, v))>::value == true, "");
|       return (sumf > 0.0) ? sumi : add(c, v);
|     }
| 
|   }
| 
|   namespace test_noexcept
|   {
| 
|     int f() { return 0; }
|     int g() noexcept { return 0; }
| 
|     static_assert(noexcept(f()) == false, "");
|     static_assert(noexcept(g()) == true, "");
| 
|   }
| 
|   namespace test_constexpr
|   {
| 
|     template < typename CharT >
|     unsigned long constexpr
|     strlen_c_r(const CharT *const s, const unsigned long acc) noexcept
|     {
|       return *s ? strlen_c_r(s + 1, acc + 1) : acc;
|     }
| 
|     template < typename CharT >
|     unsigned long constexpr
|     strlen_c(const CharT *const s) noexcept
|     {
|       return strlen_c_r(s, 0UL);
|     }
| 
|     static_assert(strlen_c("") == 0UL, "");
|     static_assert(strlen_c("1") == 1UL, "");
|     static_assert(strlen_c("example") == 7UL, "");
|     static_assert(strlen_c("another\0example") == 7UL, "");
| 
|   }
| 
|   namespace test_rvalue_references
|   {
| 
|     template < int N >
|     struct answer
|     {
|       static constexpr int value = N;
|     };
| 
|     answer<1> f(int&)       { return answer<1>(); }
|     answer<2> f(const int&) { return answer<2>(); }
|     answer<3> f(int&&)      { return answer<3>(); }
| 
|     void
|     test()
|     {
|       int i = 0;
|       const int c = 0;
|       static_assert(decltype(f(i))::value == 1, "");
|       static_assert(decltype(f(c))::value == 2, "");
|       static_assert(decltype(f(0))::value == 3, "");
|     }
| 
|   }
| 
|   namespace test_uniform_initialization
|   {
| 
|     struct test
|     {
|       static const int zero {};
|       static const int one {1};
|     };
| 
|     static_assert(test::zero == 0, "");
|     static_assert(test::one == 1, "");
| 
|   }
| 
|   namespace test_lambdas
|   {
| 
|     void
|     test1()
|     {
|       auto lambda1 = [](){};
|       auto lambda2 = lambda1;
|       lambda1();
|       lambda2();
|     }
| 
|     int
|     test2()
|     {
|       auto a = [](int i, int j){ return i + j; }(1, 2);
|       auto b = []() -> int { return '0'; }();
|       auto c = [=](){ return a + b; }();
|       auto d = [&](){ return c; }();
|       auto e = [a, &b](int x) mutable {
|         const auto identity = [](int y){ return y; };
|         for (auto i = 0; i < a; ++i)
|           a += b--;
|         return x + identity(a + b);
|       }(0);
|       return a + b + c + d + e;
|     }
| 
|     int
|     test3()
|     {
|       const auto nullary = [](){ return 0; };
|       const auto unary = [](int x){ return x; };
|       using nullary_t = decltype(nullary);
|       using unary_t = decltype(unary);
|       const auto higher1st = [](nullary_t f){ return f(); };
|       const auto higher2nd = [unary](nullary_t f1){
|         return [unary, f1](unary_t f2){ return f2(unary(f1())); };
|       };
|       return higher1st(nullary) + higher2nd(nullary)(unary);
|     }
| 
|   }
| 
|   namespace test_variadic_templates
|   {
| 
|     template <int...>
|     struct sum;
| 
|     template <int N0, int... N1toN>
|     struct sum<N0, N1toN...>
|     {
|       static constexpr auto value = N0 + sum<N1toN...>::value;
|     };
| 
|     template <>
|     struct sum<>
|     {
|       static constexpr auto value = 0;
|     };
| 
|     static_assert(sum<>::value == 0, "");
|     static_assert(sum<1>::value == 1, "");
|     static_assert(sum<23>::value == 23, "");
|     static_assert(sum<1, 2>::value == 3, "");
|     static_assert(sum<5, 5, 11>::value == 21, "");
|     static_assert(sum<2, 3, 5, 7, 11, 13>::value == 41, "");
| 
|   }
| 
|   // https://stackoverflow.com/questions/13728184/template-aliases-and-sfinae
|   // Clang 3.1 fails with headers of libstd++ 4.8.3 when using std::function
|   // because of this.
|   namespace test_template_alias_sfinae
|   {
| 
|     struct foo {};
| 
|     template<typename T>
|     using member = typename T::member_type;
| 
|     template<typename T>
|     void func(...) {}
| 
|     template<typename T>
|     void func(member<T>*) {}
| 
|     void test();
| 
|     void test() { func<foo>(0); }
| 
|   }
| 
| }  // namespace cxx11
| 
| #endif  // __cplusplus >= 201103L
| 
| 
| 
configure:18346: result: no
configure:18356: checking whether g++ supports C++11 features with -std=gnu++11
configure:18652: g++ -std=gnu++11 -c -g -O2  conftest.cpp >&5
configure:18652: $? = 0
configure:18661: result: yes
configure:19030: checking for special C compiler options needed for large files
configure:19075: result: no
configure:19081: checking for _FILE_OFFSET_BITS value needed for large files
configure:19106: gcc -c -g -O2  conftest.c >&5
configure:19106: $? = 0
configure:19138: result: no
configure:19277: checking for pkg-config
configure:19295: found /usr/local/bin/pkg-config
configure:19307: result: /usr/local/bin/pkg-config
configure:19332: checking pkg-config is at least version 0.28
configure:19335: result: yes
configure:19393: checking for gtk-doc
configure:19396: $PKG_CONFIG --exists --print-errors "$gtk_doc_requires"
configure:19399: $? = 0
configure:19405: result: yes
configure:19419: checking for gtkdoc-check
configure:19435: found /usr/local/bin/gtkdoc-check
configure:19446: result: gtkdoc-check.test
configure:19456: checking for gtkdoc-check
configure:19474: found /usr/local/bin/gtkdoc-check
configure:19486: result: /usr/local/bin/gtkdoc-check
configure:19498: checking for gtkdoc-rebase
configure:19516: found /usr/local/bin/gtkdoc-rebase
configure:19528: result: /usr/local/bin/gtkdoc-rebase
configure:19542: checking for gtkdoc-mkpdf
configure:19560: found /usr/local/bin/gtkdoc-mkpdf
configure:19572: result: /usr/local/bin/gtkdoc-mkpdf
configure:19600: checking whether to build gtk-doc documentation
configure:19602: result: no
configure:19615: checking for GTKDOC_DEPS
configure:19622: $PKG_CONFIG --exists --print-errors "glib-2.0 >= 2.10.0 gobject-2.0  >= 2.10.0"
configure:19625: $? = 0
configure:19639: $PKG_CONFIG --exists --print-errors "glib-2.0 >= 2.10.0 gobject-2.0  >= 2.10.0"
configure:19642: $? = 0
configure:19680: result: yes
configure:19768: checking for atexit
configure:19768: gcc -o conftest -g -O2   conftest.c  >&5
configure:19768: $? = 0
configure:19768: result: yes
configure:19768: checking for mprotect
configure:19768: gcc -o conftest -g -O2   conftest.c  >&5
configure:19768: $? = 0
configure:19768: result: yes
configure:19768: checking for sysconf
configure:19768: gcc -o conftest -g -O2   conftest.c  >&5
configure:19768: $? = 0
configure:19768: result: yes
configure:19768: checking for getpagesize
configure:19768: gcc -o conftest -g -O2   conftest.c  >&5
configure:19768: $? = 0
configure:19768: result: yes
configure:19768: checking for mmap
configure:19768: gcc -o conftest -g -O2   conftest.c  >&5
configure:19768: $? = 0
configure:19768: result: yes
configure:19768: checking for isatty
configure:19768: gcc -o conftest -g -O2   conftest.c  >&5
configure:19768: $? = 0
configure:19768: result: yes
configure:19768: checking for newlocale
configure:19768: gcc -o conftest -g -O2   conftest.c  >&5
configure:19768: $? = 0
configure:19768: result: yes
configure:19768: checking for uselocale
configure:19768: gcc -o conftest -g -O2   conftest.c  >&5
configure:19768: $? = 0
configure:19768: result: yes
configure:19768: checking for sincosf
configure:19768: gcc -o conftest -g -O2   conftest.c  >&5
Undefined symbols for architecture arm64:
  "_sincosf", referenced from:
      _main in conftest-653bc2.o
ld: symbol(s) not found for architecture arm64
clang: error: linker command failed with exit code 1 (use -v to see invocation)
configure:19768: $? = 1
configure: failed program was:
| /* confdefs.h */
| #define PACKAGE_NAME "HarfBuzz"
| #define PACKAGE_TARNAME "harfbuzz"
| #define PACKAGE_VERSION "7.3.0"
| #define PACKAGE_STRING "HarfBuzz 7.3.0"
| #define PACKAGE_BUGREPORT "https://github.com/harfbuzz/harfbuzz/issues/new"
| #define PACKAGE_URL "http://harfbuzz.org/"
| #define STDC_HEADERS 1
| #define HAVE_SYS_TYPES_H 1
| #define HAVE_SYS_STAT_H 1
| #define HAVE_STDLIB_H 1
| #define HAVE_STRING_H 1
| #define HAVE_MEMORY_H 1
| #define HAVE_STRINGS_H 1
| #define HAVE_INTTYPES_H 1
| #define HAVE_STDINT_H 1
| #define HAVE_UNISTD_H 1
| #define HAVE_DLFCN_H 1
| #define LT_OBJDIR ".libs/"
| #define HAVE_CXX11 1
| #define HAVE_ATEXIT 1
| #define HAVE_MPROTECT 1
| #define HAVE_SYSCONF 1
| #define HAVE_GETPAGESIZE 1
| #define HAVE_MMAP 1
| #define HAVE_ISATTY 1
| #define HAVE_NEWLOCALE 1
| #define HAVE_USELOCALE 1
| /* end confdefs.h.  */
| /* Define sincosf to an innocuous variant, in case <limits.h> declares sincosf.
|    For example, HP-UX 11i <limits.h> declares gettimeofday.  */
| #define sincosf innocuous_sincosf
| 
| /* System header to define __stub macros and hopefully few prototypes,
|     which can conflict with char sincosf (); below.
|     Prefer <limits.h> to <assert.h> if __STDC__ is defined, since
|     <limits.h> exists even on freestanding compilers.  */
| 
| #ifdef __STDC__
| # include <limits.h>
| #else
| # include <assert.h>
| #endif
| 
| #undef sincosf
| 
| /* Override any GCC internal prototype to avoid an error.
|    Use char because int might match the return type of a GCC
|    builtin and then its argument prototype would still apply.  */
| #ifdef __cplusplus
| extern "C"
| #endif
| char sincosf ();
| /* The GNU C library defines this for functions which it implements
|     to always fail with ENOSYS.  Some functions are actually named
|     something starting with __ and the normal name is an alias.  */
| #if defined __stub_sincosf || defined __stub___sincosf
| choke me
| #endif
| 
| int
| main ()
| {
| return sincosf ();
|   ;
|   return 0;
| }
configure:19768: result: no
configure:19780: checking for unistd.h
configure:19780: result: yes
configure:19780: checking sys/mman.h usability
configure:19780: gcc -c -g -O2  conftest.c >&5
configure:19780: $? = 0
configure:19780: result: yes
configure:19780: checking sys/mman.h presence
configure:19780: gcc -E  conftest.c
configure:19780: $? = 0
configure:19780: result: yes
configure:19780: checking for sys/mman.h
configure:19780: result: yes
configure:19780: checking stdbool.h usability
configure:19780: gcc -c -g -O2  conftest.c >&5
configure:19780: $? = 0
configure:19780: result: yes
configure:19780: checking stdbool.h presence
configure:19780: gcc -E  conftest.c
configure:19780: $? = 0
configure:19780: result: yes
configure:19780: checking for stdbool.h
configure:19780: result: yes
configure:19780: checking xlocale.h usability
configure:19780: gcc -c -g -O2  conftest.c >&5
configure:19780: $? = 0
configure:19780: result: yes
configure:19780: checking xlocale.h presence
configure:19780: gcc -E  conftest.c
configure:19780: $? = 0
configure:19780: result: yes
configure:19780: checking for xlocale.h
configure:19780: result: yes
configure:19795: checking alignment of struct{char;}
configure:19800: gcc -o conftest -g -O2   conftest.c  >&5
conftest.c:70:33: warning: declaration does not declare anything [-Wmissing-declarations]
typedef struct { char x; struct{char;} y; } ac__type_alignof_;
                                ^~~~
1 warning generated.
configure:19800: $? = 0
configure:19800: ./conftest
configure:19800: $? = 0
configure:19818: result: 1
configure:19831: checking whether the linker accepts -Bsymbolic-functions
configure:19850: gcc -o conftest -g -O2    -Bsymbolic-functions conftest.c  >&5
configure:19850: $? = 0
configure:19859: result: yes
configure:19905: checking for native Win32
configure:19912: result: no
configure:20107: checking whether gcc is Clang
configure:20132: result: yes
configure:20179: checking whether Clang needs flag to prevent "argument unused" warning when linking with -pthread
configure:20204: gcc -o conftest -Werror -Wunknown-warning-option  -pthread -g -O2   -Bsymbolic-functions conftest.c  >&5
configure:20204: $? = 0
configure:20210: (gcc -c -Werror -Wunknown-warning-option  -pthread -g -O2  conftest.c >&5) && (echo ==== >&5) && (gcc -o conftest -Werror -Wunknown-warning-option  -pthread -g -O2   -Bsymbolic-functions conftest.o  >&5)
====
configure:20210: $? = 0
configure:20228: result: no
configure:20377: checking for joinable pthread attribute
configure:20395: gcc -o conftest -g -O2 -pthread   -Bsymbolic-functions conftest.c   >&5
configure:20395: $? = 0
configure:20403: result: PTHREAD_CREATE_JOINABLE
configure:20417: checking whether more special flags are required for pthreads
configure:20430: result: no
configure:20438: checking for PTHREAD_PRIO_INHERIT
configure:20454: gcc -o conftest -g -O2 -pthread   -Bsymbolic-functions conftest.c   >&5
configure:20454: $? = 0
configure:20463: result: yes
configure:20592: checking for GLIB
configure:20599: $PKG_CONFIG --exists --print-errors "$GLIB_DEPS"
configure:20602: $? = 0
configure:20616: $PKG_CONFIG --exists --print-errors "$GLIB_DEPS"
configure:20619: $? = 0
configure:20657: result: yes
configure:20967: checking for CAIRO
configure:20974: $PKG_CONFIG --exists --print-errors "cairo >= 1.8.0"
configure:20977: $? = 0
configure:20991: $PKG_CONFIG --exists --print-errors "cairo >= 1.8.0"
configure:20994: $? = 0
configure:21032: result: yes
configure:21040: checking for cairo_user_font_face_set_render_color_glyph_func
configure:21040: gcc -o conftest -g -O2   -Bsymbolic-functions conftest.c  -L/usr/local/Cellar/cairo/1.16.0_5/lib -lcairo >&5
ld: warning: ignoring file /usr/local/Cellar/cairo/1.16.0_5/lib/libcairo.dylib, building for macOS-arm64 but attempting to link with file built for macOS-x86_64
Undefined symbols for architecture arm64:
  "_cairo_user_font_face_set_render_color_glyph_func", referenced from:
      _main in conftest-4687cb.o
ld: symbol(s) not found for architecture arm64
clang: error: linker command failed with exit code 1 (use -v to see invocation)
configure:21040: $? = 1
configure: failed program was:
| /* confdefs.h */
| #define PACKAGE_NAME "HarfBuzz"
| #define PACKAGE_TARNAME "harfbuzz"
| #define PACKAGE_VERSION "7.3.0"
| #define PACKAGE_STRING "HarfBuzz 7.3.0"
| #define PACKAGE_BUGREPORT "https://github.com/harfbuzz/harfbuzz/issues/new"
| #define PACKAGE_URL "http://harfbuzz.org/"
| #define STDC_HEADERS 1
| #define HAVE_SYS_TYPES_H 1
| #define HAVE_SYS_STAT_H 1
| #define HAVE_STDLIB_H 1
| #define HAVE_STRING_H 1
| #define HAVE_MEMORY_H 1
| #define HAVE_STRINGS_H 1
| #define HAVE_INTTYPES_H 1
| #define HAVE_STDINT_H 1
| #define HAVE_UNISTD_H 1
| #define HAVE_DLFCN_H 1
| #define LT_OBJDIR ".libs/"
| #define HAVE_CXX11 1
| #define HAVE_ATEXIT 1
| #define HAVE_MPROTECT 1
| #define HAVE_SYSCONF 1
| #define HAVE_GETPAGESIZE 1
| #define HAVE_MMAP 1
| #define HAVE_ISATTY 1
| #define HAVE_NEWLOCALE 1
| #define HAVE_USELOCALE 1
| #define HAVE_UNISTD_H 1
| #define HAVE_SYS_MMAN_H 1
| #define HAVE_STDBOOL_H 1
| #define HAVE_XLOCALE_H 1
| #define ALIGNOF_STRUCT_CHAR__ 1
| #define HAVE_PTHREAD_PRIO_INHERIT 1
| #define HAVE_PTHREAD 1
| #define HAVE_GLIB 1
| /* end confdefs.h.  */
| /* Define cairo_user_font_face_set_render_color_glyph_func to an innocuous variant, in case <limits.h> declares cairo_user_font_face_set_render_color_glyph_func.
|    For example, HP-UX 11i <limits.h> declares gettimeofday.  */
| #define cairo_user_font_face_set_render_color_glyph_func innocuous_cairo_user_font_face_set_render_color_glyph_func
| 
| /* System header to define __stub macros and hopefully few prototypes,
|     which can conflict with char cairo_user_font_face_set_render_color_glyph_func (); below.
|     Prefer <limits.h> to <assert.h> if __STDC__ is defined, since
|     <limits.h> exists even on freestanding compilers.  */
| 
| #ifdef __STDC__
| # include <limits.h>
| #else
| # include <assert.h>
| #endif
| 
| #undef cairo_user_font_face_set_render_color_glyph_func
| 
| /* Override any GCC internal prototype to avoid an error.
|    Use char because int might match the return type of a GCC
|    builtin and then its argument prototype would still apply.  */
| #ifdef __cplusplus
| extern "C"
| #endif
| char cairo_user_font_face_set_render_color_glyph_func ();
| /* The GNU C library defines this for functions which it implements
|     to always fail with ENOSYS.  Some functions are actually named
|     something starting with __ and the normal name is an alias.  */
| #if defined __stub_cairo_user_font_face_set_render_color_glyph_func || defined __stub___cairo_user_font_face_set_render_color_glyph_func
| choke me
| #endif
| 
| int
| main ()
| {
| return cairo_user_font_face_set_render_color_glyph_func ();
|   ;
|   return 0;
| }
configure:21040: result: no
configure:21072: checking for CAIRO_FT
configure:21079: $PKG_CONFIG --exists --print-errors "cairo-ft"
configure:21082: $? = 0
configure:21096: $PKG_CONFIG --exists --print-errors "cairo-ft"
configure:21099: $? = 0
configure:21137: result: yes
configure:21169: checking for CHAFA
configure:21176: $PKG_CONFIG --exists --print-errors "chafa >= 1.6.0"
Package chafa was not found in the pkg-config search path.
Perhaps you should add the directory containing `chafa.pc'
to the PKG_CONFIG_PATH environment variable
No package 'chafa' found
configure:21179: $? = 1
configure:21193: $PKG_CONFIG --exists --print-errors "chafa >= 1.6.0"
Package chafa was not found in the pkg-config search path.
Perhaps you should add the directory containing `chafa.pc'
to the PKG_CONFIG_PATH environment variable
No package 'chafa' found
configure:21196: $? = 1
configure:21210: result: no
No package 'chafa' found
configure:21269: checking for ICU
configure:21276: $PKG_CONFIG --exists --print-errors "icu-uc"
Package icu-uc was not found in the pkg-config search path.
Perhaps you should add the directory containing `icu-uc.pc'
to the PKG_CONFIG_PATH environment variable
No package 'icu-uc' found
configure:21279: $? = 1
configure:21293: $PKG_CONFIG --exists --print-errors "icu-uc"
Package icu-uc was not found in the pkg-config search path.
Perhaps you should add the directory containing `icu-uc.pc'
to the PKG_CONFIG_PATH environment variable
No package 'icu-uc' found
configure:21296: $? = 1
configure:21310: result: no
No package 'icu-uc' found
configure:21506: checking for FREETYPE
configure:21513: $PKG_CONFIG --exists --print-errors "$FREETYPE_DEPS"
configure:21516: $? = 0
configure:21530: $PKG_CONFIG --exists --print-errors "$FREETYPE_DEPS"
configure:21533: $? = 0
configure:21571: result: yes
configure:21588: checking for FT_Get_Var_Blend_Coordinates
configure:21588: gcc -o conftest -g -O2   -Bsymbolic-functions conftest.c  -L/usr/local/opt/freetype/lib -lfreetype >&5
ld: warning: ignoring file /usr/local/opt/freetype/lib/libfreetype.dylib, building for macOS-arm64 but attempting to link with file built for macOS-x86_64
Undefined symbols for architecture arm64:
  "_FT_Get_Var_Blend_Coordinates", referenced from:
      _main in conftest-a9ebfd.o
ld: symbol(s) not found for architecture arm64
clang: error: linker command failed with exit code 1 (use -v to see invocation)
configure:21588: $? = 1
configure: failed program was:
| /* confdefs.h */
| #define PACKAGE_NAME "HarfBuzz"
| #define PACKAGE_TARNAME "harfbuzz"
| #define PACKAGE_VERSION "7.3.0"
| #define PACKAGE_STRING "HarfBuzz 7.3.0"
| #define PACKAGE_BUGREPORT "https://github.com/harfbuzz/harfbuzz/issues/new"
| #define PACKAGE_URL "http://harfbuzz.org/"
| #define STDC_HEADERS 1
| #define HAVE_SYS_TYPES_H 1
| #define HAVE_SYS_STAT_H 1
| #define HAVE_STDLIB_H 1
| #define HAVE_STRING_H 1
| #define HAVE_MEMORY_H 1
| #define HAVE_STRINGS_H 1
| #define HAVE_INTTYPES_H 1
| #define HAVE_STDINT_H 1
| #define HAVE_UNISTD_H 1
| #define HAVE_DLFCN_H 1
| #define LT_OBJDIR ".libs/"
| #define HAVE_CXX11 1
| #define HAVE_ATEXIT 1
| #define HAVE_MPROTECT 1
| #define HAVE_SYSCONF 1
| #define HAVE_GETPAGESIZE 1
| #define HAVE_MMAP 1
| #define HAVE_ISATTY 1
| #define HAVE_NEWLOCALE 1
| #define HAVE_USELOCALE 1
| #define HAVE_UNISTD_H 1
| #define HAVE_SYS_MMAN_H 1
| #define HAVE_STDBOOL_H 1
| #define HAVE_XLOCALE_H 1
| #define ALIGNOF_STRUCT_CHAR__ 1
| #define HAVE_PTHREAD_PRIO_INHERIT 1
| #define HAVE_PTHREAD 1
| #define HAVE_GLIB 1
| #define HAVE_CAIRO 1
| #define HAVE_CAIRO_FT 1
| #define HAVE_FREETYPE 1
| /* end confdefs.h.  */
| /* Define FT_Get_Var_Blend_Coordinates to an innocuous variant, in case <limits.h> declares FT_Get_Var_Blend_Coordinates.
|    For example, HP-UX 11i <limits.h> declares gettimeofday.  */
| #define FT_Get_Var_Blend_Coordinates innocuous_FT_Get_Var_Blend_Coordinates
| 
| /* System header to define __stub macros and hopefully few prototypes,
|     which can conflict with char FT_Get_Var_Blend_Coordinates (); below.
|     Prefer <limits.h> to <assert.h> if __STDC__ is defined, since
|     <limits.h> exists even on freestanding compilers.  */
| 
| #ifdef __STDC__
| # include <limits.h>
| #else
| # include <assert.h>
| #endif
| 
| #undef FT_Get_Var_Blend_Coordinates
| 
| /* Override any GCC internal prototype to avoid an error.
|    Use char because int might match the return type of a GCC
|    builtin and then its argument prototype would still apply.  */
| #ifdef __cplusplus
| extern "C"
| #endif
| char FT_Get_Var_Blend_Coordinates ();
| /* The GNU C library defines this for functions which it implements
|     to always fail with ENOSYS.  Some functions are actually named
|     something starting with __ and the normal name is an alias.  */
| #if defined __stub_FT_Get_Var_Blend_Coordinates || defined __stub___FT_Get_Var_Blend_Coordinates
| choke me
| #endif
| 
| int
| main ()
| {
| return FT_Get_Var_Blend_Coordinates ();
|   ;
|   return 0;
| }
configure:21588: result: no
configure:21588: checking for FT_Set_Var_Blend_Coordinates
configure:21588: gcc -o conftest -g -O2   -Bsymbolic-functions conftest.c  -L/usr/local/opt/freetype/lib -lfreetype >&5
ld: warning: ignoring file /usr/local/opt/freetype/lib/libfreetype.dylib, building for macOS-arm64 but attempting to link with file built for macOS-x86_64
Undefined symbols for architecture arm64:
  "_FT_Set_Var_Blend_Coordinates", referenced from:
      _main in conftest-b82ae4.o
ld: symbol(s) not found for architecture arm64
clang: error: linker command failed with exit code 1 (use -v to see invocation)
configure:21588: $? = 1
configure: failed program was:
| /* confdefs.h */
| #define PACKAGE_NAME "HarfBuzz"
| #define PACKAGE_TARNAME "harfbuzz"
| #define PACKAGE_VERSION "7.3.0"
| #define PACKAGE_STRING "HarfBuzz 7.3.0"
| #define PACKAGE_BUGREPORT "https://github.com/harfbuzz/harfbuzz/issues/new"
| #define PACKAGE_URL "http://harfbuzz.org/"
| #define STDC_HEADERS 1
| #define HAVE_SYS_TYPES_H 1
| #define HAVE_SYS_STAT_H 1
| #define HAVE_STDLIB_H 1
| #define HAVE_STRING_H 1
| #define HAVE_MEMORY_H 1
| #define HAVE_STRINGS_H 1
| #define HAVE_INTTYPES_H 1
| #define HAVE_STDINT_H 1
| #define HAVE_UNISTD_H 1
| #define HAVE_DLFCN_H 1
| #define LT_OBJDIR ".libs/"
| #define HAVE_CXX11 1
| #define HAVE_ATEXIT 1
| #define HAVE_MPROTECT 1
| #define HAVE_SYSCONF 1
| #define HAVE_GETPAGESIZE 1
| #define HAVE_MMAP 1
| #define HAVE_ISATTY 1
| #define HAVE_NEWLOCALE 1
| #define HAVE_USELOCALE 1
| #define HAVE_UNISTD_H 1
| #define HAVE_SYS_MMAN_H 1
| #define HAVE_STDBOOL_H 1
| #define HAVE_XLOCALE_H 1
| #define ALIGNOF_STRUCT_CHAR__ 1
| #define HAVE_PTHREAD_PRIO_INHERIT 1
| #define HAVE_PTHREAD 1
| #define HAVE_GLIB 1
| #define HAVE_CAIRO 1
| #define HAVE_CAIRO_FT 1
| #define HAVE_FREETYPE 1
| /* end confdefs.h.  */
| /* Define FT_Set_Var_Blend_Coordinates to an innocuous variant, in case <limits.h> declares FT_Set_Var_Blend_Coordinates.
|    For example, HP-UX 11i <limits.h> declares gettimeofday.  */
| #define FT_Set_Var_Blend_Coordinates innocuous_FT_Set_Var_Blend_Coordinates
| 
| /* System header to define __stub macros and hopefully few prototypes,
|     which can conflict with char FT_Set_Var_Blend_Coordinates (); below.
|     Prefer <limits.h> to <assert.h> if __STDC__ is defined, since
|     <limits.h> exists even on freestanding compilers.  */
| 
| #ifdef __STDC__
| # include <limits.h>
| #else
| # include <assert.h>
| #endif
| 
| #undef FT_Set_Var_Blend_Coordinates
| 
| /* Override any GCC internal prototype to avoid an error.
|    Use char because int might match the return type of a GCC
|    builtin and then its argument prototype would still apply.  */
| #ifdef __cplusplus
| extern "C"
| #endif
| char FT_Set_Var_Blend_Coordinates ();
| /* The GNU C library defines this for functions which it implements
|     to always fail with ENOSYS.  Some functions are actually named
|     something starting with __ and the normal name is an alias.  */
| #if defined __stub_FT_Set_Var_Blend_Coordinates || defined __stub___FT_Set_Var_Blend_Coordinates
| choke me
| #endif
| 
| int
| main ()
| {
| return FT_Set_Var_Blend_Coordinates ();
|   ;
|   return 0;
| }
configure:21588: result: no
configure:21588: checking for FT_Done_MM_Var
configure:21588: gcc -o conftest -g -O2   -Bsymbolic-functions conftest.c  -L/usr/local/opt/freetype/lib -lfreetype >&5
ld: warning: ignoring file /usr/local/opt/freetype/lib/libfreetype.dylib, building for macOS-arm64 but attempting to link with file built for macOS-x86_64
Undefined symbols for architecture arm64:
  "_FT_Done_MM_Var", referenced from:
      _main in conftest-b1bfee.o
ld: symbol(s) not found for architecture arm64
clang: error: linker command failed with exit code 1 (use -v to see invocation)
configure:21588: $? = 1
configure: failed program was:
| /* confdefs.h */
| #define PACKAGE_NAME "HarfBuzz"
| #define PACKAGE_TARNAME "harfbuzz"
| #define PACKAGE_VERSION "7.3.0"
| #define PACKAGE_STRING "HarfBuzz 7.3.0"
| #define PACKAGE_BUGREPORT "https://github.com/harfbuzz/harfbuzz/issues/new"
| #define PACKAGE_URL "http://harfbuzz.org/"
| #define STDC_HEADERS 1
| #define HAVE_SYS_TYPES_H 1
| #define HAVE_SYS_STAT_H 1
| #define HAVE_STDLIB_H 1
| #define HAVE_STRING_H 1
| #define HAVE_MEMORY_H 1
| #define HAVE_STRINGS_H 1
| #define HAVE_INTTYPES_H 1
| #define HAVE_STDINT_H 1
| #define HAVE_UNISTD_H 1
| #define HAVE_DLFCN_H 1
| #define LT_OBJDIR ".libs/"
| #define HAVE_CXX11 1
| #define HAVE_ATEXIT 1
| #define HAVE_MPROTECT 1
| #define HAVE_SYSCONF 1
| #define HAVE_GETPAGESIZE 1
| #define HAVE_MMAP 1
| #define HAVE_ISATTY 1
| #define HAVE_NEWLOCALE 1
| #define HAVE_USELOCALE 1
| #define HAVE_UNISTD_H 1
| #define HAVE_SYS_MMAN_H 1
| #define HAVE_STDBOOL_H 1
| #define HAVE_XLOCALE_H 1
| #define ALIGNOF_STRUCT_CHAR__ 1
| #define HAVE_PTHREAD_PRIO_INHERIT 1
| #define HAVE_PTHREAD 1
| #define HAVE_GLIB 1
| #define HAVE_CAIRO 1
| #define HAVE_CAIRO_FT 1
| #define HAVE_FREETYPE 1
| /* end confdefs.h.  */
| /* Define FT_Done_MM_Var to an innocuous variant, in case <limits.h> declares FT_Done_MM_Var.
|    For example, HP-UX 11i <limits.h> declares gettimeofday.  */
| #define FT_Done_MM_Var innocuous_FT_Done_MM_Var
| 
| /* System header to define __stub macros and hopefully few prototypes,
|     which can conflict with char FT_Done_MM_Var (); below.
|     Prefer <limits.h> to <assert.h> if __STDC__ is defined, since
|     <limits.h> exists even on freestanding compilers.  */
| 
| #ifdef __STDC__
| # include <limits.h>
| #else
| # include <assert.h>
| #endif
| 
| #undef FT_Done_MM_Var
| 
| /* Override any GCC internal prototype to avoid an error.
|    Use char because int might match the return type of a GCC
|    builtin and then its argument prototype would still apply.  */
| #ifdef __cplusplus
| extern "C"
| #endif
| char FT_Done_MM_Var ();
| /* The GNU C library defines this for functions which it implements
|     to always fail with ENOSYS.  Some functions are actually named
|     something starting with __ and the normal name is an alias.  */
| #if defined __stub_FT_Done_MM_Var || defined __stub___FT_Done_MM_Var
| choke me
| #endif
| 
| int
| main ()
| {
| return FT_Done_MM_Var ();
|   ;
|   return 0;
| }
configure:21588: result: no
configure:21588: checking for FT_Get_Transform
configure:21588: gcc -o conftest -g -O2   -Bsymbolic-functions conftest.c  -L/usr/local/opt/freetype/lib -lfreetype >&5
ld: warning: ignoring file /usr/local/opt/freetype/lib/libfreetype.dylib, building for macOS-arm64 but attempting to link with file built for macOS-x86_64
Undefined symbols for architecture arm64:
  "_FT_Get_Transform", referenced from:
      _main in conftest-3f35ab.o
ld: symbol(s) not found for architecture arm64
clang: error: linker command failed with exit code 1 (use -v to see invocation)
configure:21588: $? = 1
configure: failed program was:
| /* confdefs.h */
| #define PACKAGE_NAME "HarfBuzz"
| #define PACKAGE_TARNAME "harfbuzz"
| #define PACKAGE_VERSION "7.3.0"
| #define PACKAGE_STRING "HarfBuzz 7.3.0"
| #define PACKAGE_BUGREPORT "https://github.com/harfbuzz/harfbuzz/issues/new"
| #define PACKAGE_URL "http://harfbuzz.org/"
| #define STDC_HEADERS 1
| #define HAVE_SYS_TYPES_H 1
| #define HAVE_SYS_STAT_H 1
| #define HAVE_STDLIB_H 1
| #define HAVE_STRING_H 1
| #define HAVE_MEMORY_H 1
| #define HAVE_STRINGS_H 1
| #define HAVE_INTTYPES_H 1
| #define HAVE_STDINT_H 1
| #define HAVE_UNISTD_H 1
| #define HAVE_DLFCN_H 1
| #define LT_OBJDIR ".libs/"
| #define HAVE_CXX11 1
| #define HAVE_ATEXIT 1
| #define HAVE_MPROTECT 1
| #define HAVE_SYSCONF 1
| #define HAVE_GETPAGESIZE 1
| #define HAVE_MMAP 1
| #define HAVE_ISATTY 1
| #define HAVE_NEWLOCALE 1
| #define HAVE_USELOCALE 1
| #define HAVE_UNISTD_H 1
| #define HAVE_SYS_MMAN_H 1
| #define HAVE_STDBOOL_H 1
| #define HAVE_XLOCALE_H 1
| #define ALIGNOF_STRUCT_CHAR__ 1
| #define HAVE_PTHREAD_PRIO_INHERIT 1
| #define HAVE_PTHREAD 1
| #define HAVE_GLIB 1
| #define HAVE_CAIRO 1
| #define HAVE_CAIRO_FT 1
| #define HAVE_FREETYPE 1
| /* end confdefs.h.  */
| /* Define FT_Get_Transform to an innocuous variant, in case <limits.h> declares FT_Get_Transform.
|    For example, HP-UX 11i <limits.h> declares gettimeofday.  */
| #define FT_Get_Transform innocuous_FT_Get_Transform
| 
| /* System header to define __stub macros and hopefully few prototypes,
|     which can conflict with char FT_Get_Transform (); below.
|     Prefer <limits.h> to <assert.h> if __STDC__ is defined, since
|     <limits.h> exists even on freestanding compilers.  */
| 
| #ifdef __STDC__
| # include <limits.h>
| #else
| # include <assert.h>
| #endif
| 
| #undef FT_Get_Transform
| 
| /* Override any GCC internal prototype to avoid an error.
|    Use char because int might match the return type of a GCC
|    builtin and then its argument prototype would still apply.  */
| #ifdef __cplusplus
| extern "C"
| #endif
| char FT_Get_Transform ();
| /* The GNU C library defines this for functions which it implements
|     to always fail with ENOSYS.  Some functions are actually named
|     something starting with __ and the normal name is an alias.  */
| #if defined __stub_FT_Get_Transform || defined __stub___FT_Get_Transform
| choke me
| #endif
| 
| int
| main ()
| {
| return FT_Get_Transform ();
|   ;
|   return 0;
| }
configure:21588: result: no
configure:21926: checking that generated files are newer than configure
configure:21932: result: done
configure:22067: creating ./config.status

## ---------------------- ##
## Running config.status. ##
## ---------------------- ##

This file was extended by HarfBuzz config.status 7.3.0, which was
generated by GNU Autoconf 2.69.  Invocation command line was

  CONFIG_FILES    = 
  CONFIG_HEADERS  = 
  CONFIG_LINKS    = 
  CONFIG_COMMANDS = 
  $ ./config.status 

on hugob-WD6M

config.status:1410: creating Makefile
config.status:1410: creating src/Makefile
config.status:1410: creating src/harfbuzz-config.cmake
config.status:1410: creating util/Makefile
config.status:1410: creating test/Makefile
config.status:1410: creating test/api/Makefile
config.status:1410: creating test/fuzzing/Makefile
config.status:1410: creating test/shape/Makefile
config.status:1410: creating test/shape/data/Makefile
config.status:1410: creating test/shape/data/aots/Makefile
config.status:1410: creating test/shape/data/in-house/Makefile
config.status:1410: creating test/shape/data/text-rendering-tests/Makefile
config.status:1410: creating test/subset/Makefile
config.status:1410: creating test/subset/data/Makefile
config.status:1410: creating test/subset/data/repack_tests/Makefile
config.status:1410: creating test/threads/Makefile
config.status:1410: creating perf/Makefile
config.status:1410: creating docs/Makefile
config.status:1410: creating docs/version.xml
config.status:1410: creating config.h
config.status:1639: executing depfiles commands
config.status:1716: cd src       && sed -e '/# am--include-marker/d' Makefile         | make -f - am--depfiles
config.status:1721: $? = 0
config.status:1716: cd util       && sed -e '/# am--include-marker/d' Makefile         | make -f - am--depfiles
config.status:1721: $? = 0
config.status:1716: cd test/api       && sed -e '/# am--include-marker/d' Makefile         | make -f - am--depfiles
config.status:1721: $? = 0
config.status:1716: cd test/fuzzing       && sed -e '/# am--include-marker/d' Makefile         | make -f - am--depfiles
config.status:1721: $? = 0
config.status:1639: executing libtool commands
configure:24505:

Autotools is no longer our supported build system for building the library
for *nix distributions, please migrate to meson.


configure:24543:

Build configuration:

Unicode callbacks (you want at least one):
	Builtin			true
	Glib:			true
	ICU:			false

Font callbacks (the more the merrier):
	FreeType:		true

Tools used for command-line utilities:
	Cairo:			true
	Chafa:			false

Additional shapers:
	Graphite2:		false

Platform shapers (not normally needed):
	CoreText:		false
	DirectWrite:		false
	GDI:			false
	Uniscribe:		false

Other features:
	Documentation:		no
	GObject bindings:	false
	Introspection:		false


## ---------------- ##
## Cache variables. ##
## ---------------- ##

ac_cv_alignof_struct_char__=1
ac_cv_build=arm-apple-darwin22.4.0
ac_cv_c_compiler_gnu=yes
ac_cv_cxx_compiler_gnu=yes
ac_cv_env_CAIRO_CFLAGS_set=
ac_cv_env_CAIRO_CFLAGS_value=
ac_cv_env_CAIRO_FT_CFLAGS_set=
ac_cv_env_CAIRO_FT_CFLAGS_value=
ac_cv_env_CAIRO_FT_LIBS_set=
ac_cv_env_CAIRO_FT_LIBS_value=
ac_cv_env_CAIRO_LIBS_set=
ac_cv_env_CAIRO_LIBS_value=
ac_cv_env_CCC_set=
ac_cv_env_CCC_value=
ac_cv_env_CC_set=
ac_cv_env_CC_value=
ac_cv_env_CFLAGS_set=
ac_cv_env_CFLAGS_value=
ac_cv_env_CHAFA_CFLAGS_set=
ac_cv_env_CHAFA_CFLAGS_value=
ac_cv_env_CHAFA_LIBS_set=
ac_cv_env_CHAFA_LIBS_value=
ac_cv_env_CPPFLAGS_set=
ac_cv_env_CPPFLAGS_value=
ac_cv_env_CPP_set=
ac_cv_env_CPP_value=
ac_cv_env_CXXCPP_set=
ac_cv_env_CXXCPP_value=
ac_cv_env_CXXFLAGS_set=
ac_cv_env_CXXFLAGS_value=
ac_cv_env_CXX_set=
ac_cv_env_CXX_value=
ac_cv_env_FREETYPE_CFLAGS_set=
ac_cv_env_FREETYPE_CFLAGS_value=
ac_cv_env_FREETYPE_LIBS_set=
ac_cv_env_FREETYPE_LIBS_value=
ac_cv_env_GLIB_CFLAGS_set=
ac_cv_env_GLIB_CFLAGS_value=
ac_cv_env_GLIB_LIBS_set=
ac_cv_env_GLIB_LIBS_value=
ac_cv_env_GOBJECT_CFLAGS_set=
ac_cv_env_GOBJECT_CFLAGS_value=
ac_cv_env_GOBJECT_LIBS_set=
ac_cv_env_GOBJECT_LIBS_value=
ac_cv_env_GRAPHITE2_CFLAGS_set=
ac_cv_env_GRAPHITE2_CFLAGS_value=
ac_cv_env_GRAPHITE2_LIBS_set=
ac_cv_env_GRAPHITE2_LIBS_value=
ac_cv_env_GTKDOC_DEPS_CFLAGS_set=
ac_cv_env_GTKDOC_DEPS_CFLAGS_value=
ac_cv_env_GTKDOC_DEPS_LIBS_set=
ac_cv_env_GTKDOC_DEPS_LIBS_value=
ac_cv_env_ICU_CFLAGS_set=
ac_cv_env_ICU_CFLAGS_value=
ac_cv_env_ICU_LIBS_set=
ac_cv_env_ICU_LIBS_value=
ac_cv_env_LDFLAGS_set=
ac_cv_env_LDFLAGS_value=
ac_cv_env_LIBS_set=
ac_cv_env_LIBS_value=
ac_cv_env_LT_SYS_LIBRARY_PATH_set=
ac_cv_env_LT_SYS_LIBRARY_PATH_value=
ac_cv_env_PKG_CONFIG_LIBDIR_set=
ac_cv_env_PKG_CONFIG_LIBDIR_value=
ac_cv_env_PKG_CONFIG_PATH_set=set
ac_cv_env_PKG_CONFIG_PATH_value=/usr/local/opt/harfbuzz/lib/pkgconfig
ac_cv_env_PKG_CONFIG_set=
ac_cv_env_PKG_CONFIG_value=
ac_cv_env_build_alias_set=
ac_cv_env_build_alias_value=
ac_cv_env_host_alias_set=
ac_cv_env_host_alias_value=
ac_cv_env_target_alias_set=
ac_cv_env_target_alias_value=
ac_cv_func_FT_Done_MM_Var=no
ac_cv_func_FT_Get_Transform=no
ac_cv_func_FT_Get_Var_Blend_Coordinates=no
ac_cv_func_FT_Set_Var_Blend_Coordinates=no
ac_cv_func_atexit=yes
ac_cv_func_cairo_user_font_face_set_render_color_glyph_func=no
ac_cv_func_getpagesize=yes
ac_cv_func_isatty=yes
ac_cv_func_mmap=yes
ac_cv_func_mprotect=yes
ac_cv_func_newlocale=yes
ac_cv_func_sincosf=no
ac_cv_func_sysconf=yes
ac_cv_func_uselocale=yes
ac_cv_header_dlfcn_h=yes
ac_cv_header_inttypes_h=yes
ac_cv_header_memory_h=yes
ac_cv_header_stdbool_h=yes
ac_cv_header_stdc=yes
ac_cv_header_stdint_h=yes
ac_cv_header_stdlib_h=yes
ac_cv_header_string_h=yes
ac_cv_header_strings_h=yes
ac_cv_header_sys_mman_h=yes
ac_cv_header_sys_stat_h=yes
ac_cv_header_sys_types_h=yes
ac_cv_header_unistd_h=yes
ac_cv_header_xlocale_h=yes
ac_cv_host=arm-apple-darwin22.4.0
ac_cv_objext=o
ac_cv_path_EGREP='/usr/bin/grep -E'
ac_cv_path_FGREP='/usr/bin/grep -F'
ac_cv_path_GREP=/usr/bin/grep
ac_cv_path_GTKDOC_CHECK_PATH=/usr/local/bin/gtkdoc-check
ac_cv_path_GTKDOC_MKPDF=/usr/local/bin/gtkdoc-mkpdf
ac_cv_path_GTKDOC_REBASE=/usr/local/bin/gtkdoc-rebase
ac_cv_path_SED=/usr/bin/sed
ac_cv_path_ac_pt_PKG_CONFIG=/usr/local/bin/pkg-config
ac_cv_path_install='/usr/bin/install -c'
ac_cv_path_lt_DD=/bin/dd
ac_cv_prog_AWK=awk
ac_cv_prog_CPP='gcc -E'
ac_cv_prog_CXXCPP='g++ -E'
ac_cv_prog_GTKDOC_CHECK=gtkdoc-check.test
ac_cv_prog_ac_ct_AR=ar
ac_cv_prog_ac_ct_CC=gcc
ac_cv_prog_ac_ct_CXX=g++
ac_cv_prog_ac_ct_DSYMUTIL=dsymutil
ac_cv_prog_ac_ct_LIPO=lipo
ac_cv_prog_ac_ct_NMEDIT=nmedit
ac_cv_prog_ac_ct_OBJDUMP=objdump
ac_cv_prog_ac_ct_OTOOL=otool
ac_cv_prog_ac_ct_RANLIB=ranlib
ac_cv_prog_ac_ct_STRIP=strip
ac_cv_prog_cc_c89=
ac_cv_prog_cc_c99=
ac_cv_prog_cc_g=yes
ac_cv_prog_cxx_g=yes
ac_cv_prog_make_make_set=yes
ac_cv_sys_file_offset_bits=no
ac_cv_sys_largefile_CC=no
am_cv_CC_dependencies_compiler_type=gcc3
am_cv_CXX_dependencies_compiler_type=gcc3
am_cv_ar_interface=ar
am_cv_make_support_nested_variables=yes
am_cv_prog_cc_c_o=yes
am_cv_prog_tar_ustar=gnutar
ax_cv_PTHREAD_CLANG=yes
ax_cv_PTHREAD_CLANG_NO_WARN_FLAG=no
ax_cv_PTHREAD_JOINABLE_ATTR=PTHREAD_CREATE_JOINABLE
ax_cv_PTHREAD_PRIO_INHERIT=yes
ax_cv_PTHREAD_SPECIAL_FLAGS=no
ax_cv_check_ldflags___Bsymbolic_functions=yes
ax_cv_cxx_compile_cxx11=no
ax_cv_cxx_compile_cxx11__std_gnupp11=yes
lt_cv_apple_cc_single_mod=yes
lt_cv_ar_at_file=no
lt_cv_deplibs_check_method=pass_all
lt_cv_file_magic_cmd='$MAGIC_CMD'
lt_cv_file_magic_test_file=
lt_cv_ld_exported_symbols_list=yes
lt_cv_ld_force_load=yes
lt_cv_ld_reload_flag=-r
lt_cv_nm_interface='BSD nm'
lt_cv_objdir=.libs
lt_cv_path_LD=/Applications/Xcode.app/Contents/Developer/Toolchains/XcodeDefault.xctoolchain/usr/bin/ld
lt_cv_path_LDCXX=/Applications/Xcode.app/Contents/Developer/Toolchains/XcodeDefault.xctoolchain/usr/bin/ld
lt_cv_path_NM='/usr/bin/nm -B'
lt_cv_path_mainfest_tool=no
lt_cv_prog_compiler_c_o=yes
lt_cv_prog_compiler_c_o_CXX=yes
lt_cv_prog_compiler_pic='-fno-common -DPIC'
lt_cv_prog_compiler_pic_CXX='-fno-common -DPIC'
lt_cv_prog_compiler_pic_works=yes
lt_cv_prog_compiler_pic_works_CXX=yes
lt_cv_prog_compiler_rtti_exceptions=yes
lt_cv_prog_compiler_static_works=no
lt_cv_prog_compiler_static_works_CXX=no
lt_cv_prog_gnu_ld=no
lt_cv_prog_gnu_ldcxx=no
lt_cv_sharedlib_from_linklib_cmd='printf %s\n'
lt_cv_sys_global_symbol_pipe='sed -n -e '\''s/^.*[	 ]\([ABCDGIRSTW][ABCDGIRSTW]*\)[	 ][	 ]*_\([_A-Za-z][_A-Za-z0-9]*\)$/\1 _\2 \2/p'\'' | sed '\''/ __gnu_lto/d'\'''
lt_cv_sys_global_symbol_to_c_name_address='sed -n -e '\''s/^: \(.*\) .*$/  {"\1", (void *) 0},/p'\'' -e '\''s/^[ABCDGIRSTW][ABCDGIRSTW]* .* \(.*\)$/  {"\1", (void *) \&\1},/p'\'''
lt_cv_sys_global_symbol_to_c_name_address_lib_prefix='sed -n -e '\''s/^: \(.*\) .*$/  {"\1", (void *) 0},/p'\'' -e '\''s/^[ABCDGIRSTW][ABCDGIRSTW]* .* \(lib.*\)$/  {"\1", (void *) \&\1},/p'\'' -e '\''s/^[ABCDGIRSTW][ABCDGIRSTW]* .* \(.*\)$/  {"lib\1", (void *) \&\1},/p'\'''
lt_cv_sys_global_symbol_to_cdecl='sed -n -e '\''s/^T .* \(.*\)$/extern int \1();/p'\'' -e '\''s/^[ABCDGIRSTW][ABCDGIRSTW]* .* \(.*\)$/extern char \1;/p'\'''
lt_cv_sys_global_symbol_to_import=
lt_cv_sys_max_cmd_len=786432
lt_cv_to_host_file_cmd=func_convert_file_noop
lt_cv_to_tool_file_cmd=func_convert_file_noop
lt_cv_truncate_bin='/bin/dd bs=4096 count=1'
pkg_cv_CAIRO_CFLAGS='-I/usr/local/Cellar/cairo/1.16.0_5/include/cairo -I/usr/local/Cellar/glib/2.76.3/include -I/usr/local/Cellar/glib/2.76.3/include/glib-2.0 -I/usr/local/Cellar/glib/2.76.3/lib/glib-2.0/include -I/usr/local/opt/gettext/include -I/usr/local/Cellar/pcre2/10.42/include -I/usr/local/Cellar/pixman/0.42.2/include/pixman-1 -I/usr/local/Cellar/fontconfig/2.14.2/include -I/usr/local/opt/freetype/include/freetype2 -I/usr/local/opt/libpng/include/libpng16 -I/usr/local/Cellar/libxcb/1.15_1/include -I/usr/local/Cellar/libxrender/0.9.11/include -I/usr/local/Cellar/libxext/1.3.5/include -I/usr/local/Cellar/libx11/1.8.4/include -I/usr/local/Cellar/libxcb/1.15_1/include -I/usr/local/Cellar/libxau/1.0.11/include -I/usr/local/Cellar/libxdmcp/1.1.4/include -I/usr/local/Cellar/xorgproto/2022.2/include -I/Library/Developer/CommandLineTools/SDKs/MacOSX13.sdk/usr/include/ffi'
pkg_cv_CAIRO_FT_CFLAGS='-I/usr/local/Cellar/cairo/1.16.0_5/include/cairo -I/usr/local/Cellar/glib/2.76.3/include -I/usr/local/Cellar/glib/2.76.3/include/glib-2.0 -I/usr/local/Cellar/glib/2.76.3/lib/glib-2.0/include -I/usr/local/opt/gettext/include -I/usr/local/Cellar/pcre2/10.42/include -I/usr/local/Cellar/pixman/0.42.2/include/pixman-1 -I/usr/local/Cellar/fontconfig/2.14.2/include -I/usr/local/Cellar/libxcb/1.15_1/include -I/usr/local/Cellar/libxrender/0.9.11/include -I/usr/local/Cellar/libxext/1.3.5/include -I/usr/local/Cellar/libx11/1.8.4/include -I/usr/local/Cellar/libxcb/1.15_1/include -I/usr/local/Cellar/libxau/1.0.11/include -I/usr/local/Cellar/libxdmcp/1.1.4/include -I/usr/local/opt/freetype/include/freetype2 -I/usr/local/opt/libpng/include/libpng16 -I/usr/local/Cellar/xorgproto/2022.2/include -I/Library/Developer/CommandLineTools/SDKs/MacOSX13.sdk/usr/include/ffi'
pkg_cv_CAIRO_FT_LIBS='-L/usr/local/Cellar/cairo/1.16.0_5/lib -L/usr/local/opt/freetype/lib -lcairo -lfreetype'
pkg_cv_CAIRO_LIBS='-L/usr/local/Cellar/cairo/1.16.0_5/lib -lcairo'
pkg_cv_FREETYPE_CFLAGS='-I/usr/local/opt/freetype/include/freetype2 -I/usr/local/opt/libpng/include/libpng16'
pkg_cv_FREETYPE_LIBS='-L/usr/local/opt/freetype/lib -lfreetype'
pkg_cv_GLIB_CFLAGS='-I/usr/local/Cellar/glib/2.76.3/include/glib-2.0 -I/usr/local/Cellar/glib/2.76.3/lib/glib-2.0/include -I/usr/local/opt/gettext/include -I/usr/local/Cellar/pcre2/10.42/include'
pkg_cv_GLIB_LIBS='-L/usr/local/Cellar/glib/2.76.3/lib -L/usr/local/opt/gettext/lib -lglib-2.0 -lintl'
pkg_cv_GTKDOC_DEPS_CFLAGS='-I/usr/local/Cellar/glib/2.76.3/include -I/usr/local/Cellar/glib/2.76.3/include/glib-2.0 -I/usr/local/Cellar/glib/2.76.3/lib/glib-2.0/include -I/usr/local/opt/gettext/include -I/usr/local/Cellar/pcre2/10.42/include -I/Library/Developer/CommandLineTools/SDKs/MacOSX13.sdk/usr/include/ffi'
pkg_cv_GTKDOC_DEPS_LIBS='-L/usr/local/Cellar/glib/2.76.3/lib -L/usr/local/opt/gettext/lib -lgobject-2.0 -lglib-2.0 -lintl'

## ----------------- ##
## Output variables. ##
## ----------------- ##














	@echo "Need to reconfigure with --enable-code-coverage"
	@echo "Need to reconfigure with --enable-code-coverage"
 $(CODE_COVERAGE_IGNORE_PATTERN);
 $(CODE_COVERAGE_OUTPUT_FILE);
#
#
#    $(PACKAGE_NAME)-$(PACKAGE_VERSION)-coverage)
#    $(PACKAGE_NAME)-$(PACKAGE_VERSION)-coverage.info)
#    (Default: $(top_builddir))
#    (Default: empty)
#    Multiple directories may be specified, separated by whitespace.
#    by lcov for code coverage. (Default:
#    collecting lcov instance. (Default: $CODE_COVERAGE_LCOV_OPTIONS_GCOVPATH)
#    genhtml instance. (Default: based on $CODE_COVERAGE_BRANCH_COVERAGE)
#    instance. (Default: $CODE_COVERAGE_GENHTML_OPTIONS_DEFAULT)
#    instance. (Default: $CODE_COVERAGE_LCOV_OPTIONS_DEFAULT)
#    instance. (Default: $CODE_COVERAGE_LCOV_RMOPTS_DEFAULT)
#    instances. (Default: $CODE_COVERAGE_LCOV_SHOPTS_DEFAULT)
#    instances. (Default: based on $CODE_COVERAGE_BRANCH_COVERAGE)
#    lcov instance. (Default: empty)
#    reports to be created. (Default:
#    set to 0 to disable it and leave empty to stay with the default.
#  - CODE_COVERAGE_BRANCH_COVERAGE: Set to 1 to enforce branch coverage,
#  - CODE_COVERAGE_DIRECTORY: Top-level directory for code coverage reporting.
#  - CODE_COVERAGE_GENHTML_OPTIONS: Extra options to pass to the genhtml
#  - CODE_COVERAGE_GENHTML_OPTIONS_DEFAULT: Extra options to pass to the
#  - CODE_COVERAGE_IGNORE_PATTERN: Extra glob pattern of files to ignore
#  - CODE_COVERAGE_LCOV_OPTIONS: Extra options to pass to the collecting lcov
#  - CODE_COVERAGE_LCOV_OPTIONS_DEFAULT: Extra options to pass to the
#  - CODE_COVERAGE_LCOV_OPTIONS_GCOVPATH: --gcov-tool pathtogcov
#  - CODE_COVERAGE_LCOV_RMOPTS: Extra options to pass to the filtering lcov
#  - CODE_COVERAGE_LCOV_RMOPTS_DEFAULT: Extra options to pass to the filtering
#  - CODE_COVERAGE_LCOV_SHOPTS: Extra options to shared between both lcov
#  - CODE_COVERAGE_LCOV_SHOPTS_DEFAULT: Extra options shared between both lcov
#  - CODE_COVERAGE_OUTPUT_DIRECTORY: Directory for generated code coverage
#  - CODE_COVERAGE_OUTPUT_FILE: Filename and path for the .info file generated
# $(PACKAGE_VERSION). In order to add the current git hash to the title,
# Capture code coverage data
# Code coverage
# Hook rule executed before code-coverage-capture, overridable by the user
# Optional variables
# Optional:
# The generated report will be titled using the $(PACKAGE_NAME) and
# Use recursive makes in order to ignore errors during check
# sanitizes the test-name: replaces with underscores: dashes and dots
# use the git-version-gen script, available online.
$(if $(CODE_COVERAGE_BRANCH_COVERAGE),\
'
--rc genhtml_branch_coverage=$(CODE_COVERAGE_BRANCH_COVERAGE))
--rc lcov_branch_coverage=$(CODE_COVERAGE_BRANCH_COVERAGE))
.PHONY: check-code-coverage code-coverage-capture code-coverage-capture-hook code-coverage-clean
ACLOCAL='${SHELL} /Users/hugob/Documents/Job/Git/Harfbuzz/harfbuzz-7.3.0/missing aclocal-1.16'
AMDEPBACKSLASH='\'
AMDEP_FALSE='#'
AMDEP_TRUE=''
AMTAR='$${TAR-tar}'
AM_BACKSLASH='\'
AM_DEFAULT_V='$(AM_DEFAULT_VERBOSITY)'
AM_DEFAULT_VERBOSITY='0'
AM_DISTCHECK_CONFIGURE_FLAGS += --disable-code-coverage
AM_DISTCHECK_CONFIGURE_FLAGS ?=
AM_V='$(V)'
AR='ar'
AUTOCONF='${SHELL} /Users/hugob/Documents/Job/Git/Harfbuzz/harfbuzz-7.3.0/missing autoconf'
AUTOHEADER='${SHELL} /Users/hugob/Documents/Job/Git/Harfbuzz/harfbuzz-7.3.0/missing autoheader'
AUTOMAKE='${SHELL} /Users/hugob/Documents/Job/Git/Harfbuzz/harfbuzz-7.3.0/missing automake-1.16'
AWK='awk'
CAIRO_CFLAGS='-I/usr/local/Cellar/cairo/1.16.0_5/include/cairo -I/usr/local/Cellar/glib/2.76.3/include -I/usr/local/Cellar/glib/2.76.3/include/glib-2.0 -I/usr/local/Cellar/glib/2.76.3/lib/glib-2.0/include -I/usr/local/opt/gettext/include -I/usr/local/Cellar/pcre2/10.42/include -I/usr/local/Cellar/pixman/0.42.2/include/pixman-1 -I/usr/local/Cellar/fontconfig/2.14.2/include -I/usr/local/opt/freetype/include/freetype2 -I/usr/local/opt/libpng/include/libpng16 -I/usr/local/Cellar/libxcb/1.15_1/include -I/usr/local/Cellar/libxrender/0.9.11/include -I/usr/local/Cellar/libxext/1.3.5/include -I/usr/local/Cellar/libx11/1.8.4/include -I/usr/local/Cellar/libxcb/1.15_1/include -I/usr/local/Cellar/libxau/1.0.11/include -I/usr/local/Cellar/libxdmcp/1.1.4/include -I/usr/local/Cellar/xorgproto/2022.2/include -I/Library/Developer/CommandLineTools/SDKs/MacOSX13.sdk/usr/include/ffi'
CAIRO_FT_CFLAGS='-I/usr/local/Cellar/cairo/1.16.0_5/include/cairo -I/usr/local/Cellar/glib/2.76.3/include -I/usr/local/Cellar/glib/2.76.3/include/glib-2.0 -I/usr/local/Cellar/glib/2.76.3/lib/glib-2.0/include -I/usr/local/opt/gettext/include -I/usr/local/Cellar/pcre2/10.42/include -I/usr/local/Cellar/pixman/0.42.2/include/pixman-1 -I/usr/local/Cellar/fontconfig/2.14.2/include -I/usr/local/Cellar/libxcb/1.15_1/include -I/usr/local/Cellar/libxrender/0.9.11/include -I/usr/local/Cellar/libxext/1.3.5/include -I/usr/local/Cellar/libx11/1.8.4/include -I/usr/local/Cellar/libxcb/1.15_1/include -I/usr/local/Cellar/libxau/1.0.11/include -I/usr/local/Cellar/libxdmcp/1.1.4/include -I/usr/local/opt/freetype/include/freetype2 -I/usr/local/opt/libpng/include/libpng16 -I/usr/local/Cellar/xorgproto/2022.2/include -I/Library/Developer/CommandLineTools/SDKs/MacOSX13.sdk/usr/include/ffi'
CAIRO_FT_LIBS='-L/usr/local/Cellar/cairo/1.16.0_5/lib -L/usr/local/opt/freetype/lib -lcairo -lfreetype'
CAIRO_LIBS='-L/usr/local/Cellar/cairo/1.16.0_5/lib -lcairo'
CC='gcc'
CCDEPMODE='depmode=gcc3'
CFLAGS='-g -O2'
CHAFA_CFLAGS=''
CHAFA_LIBS=''
CODE_COVERAGE_BRANCH_COVERAGE ?=
CODE_COVERAGE_CFLAGS=''
CODE_COVERAGE_CPPFLAGS=''
CODE_COVERAGE_CXXFLAGS=''
CODE_COVERAGE_DIRECTORY ?= $(top_builddir)
CODE_COVERAGE_ENABLED='no'
CODE_COVERAGE_ENABLED_FALSE=''
CODE_COVERAGE_ENABLED_TRUE='#'
CODE_COVERAGE_GENHTML_OPTIONS ?= $(CODE_COVERAGE_GENHTML_OPTIONS_DEFAULT)
CODE_COVERAGE_GENHTML_OPTIONS_DEFAULT ?=\
CODE_COVERAGE_IGNORE_PATTERN ?=
CODE_COVERAGE_LCOV_OPTIONS ?= $(CODE_COVERAGE_LCOV_OPTIONS_DEFAULT)
CODE_COVERAGE_LCOV_OPTIONS_DEFAULT ?= $(CODE_COVERAGE_LCOV_OPTIONS_GCOVPATH)
CODE_COVERAGE_LCOV_OPTIONS_GCOVPATH ?= --gcov-tool "$(GCOV)"
CODE_COVERAGE_LCOV_RMOPTS ?= $(CODE_COVERAGE_LCOV_RMOPTS_DEFAULT)
CODE_COVERAGE_LCOV_RMOPTS_DEFAULT ?=
CODE_COVERAGE_LCOV_SHOPTS ?= $(CODE_COVERAGE_LCOV_SHOPTS_DEFAULT)
CODE_COVERAGE_LCOV_SHOPTS_DEFAULT ?= $(if $(CODE_COVERAGE_BRANCH_COVERAGE),\
CODE_COVERAGE_LDFLAGS=''
CODE_COVERAGE_LIBS=''
CODE_COVERAGE_OUTPUT_DIRECTORY ?= $(PACKAGE_NAME)-$(PACKAGE_VERSION)-coverage
CODE_COVERAGE_OUTPUT_FILE ?= $(PACKAGE_NAME)-$(PACKAGE_VERSION)-coverage.info
CODE_COVERAGE_RULES='
CORETEXT_CFLAGS=''
CORETEXT_LIBS=''
CPP='gcc -E'
CPPFLAGS=''
CXX='g++ -std=gnu++11'
CXXCPP='g++ -E -std=gnu++11'
CXXDEPMODE='depmode=gcc3'
CXXFLAGS='-fno-rtti -g -O2 -fno-exceptions -fno-threadsafe-statics -fvisibility-inlines-hidden'
CYGPATH_W='echo'
DEFS='-DHAVE_CONFIG_H'
DEPDIR='.deps'
DLLTOOL='false'
DSYMUTIL='dsymutil'
DUMPBIN=''
ECHO_C='\c'
ECHO_N=''
ECHO_T=''
EGREP='/usr/bin/grep -E'
ENABLE_GTK_DOC_FALSE=''
ENABLE_GTK_DOC_TRUE='#'
EXEEXT=''
FGREP='/usr/bin/grep -F'
FREETYPE_CFLAGS='-I/usr/local/opt/freetype/include/freetype2 -I/usr/local/opt/libpng/include/libpng16'
FREETYPE_DEPS='freetype2 >= 12.0.6'
FREETYPE_LIBS='-L/usr/local/opt/freetype/lib -lfreetype'
GCOV=''
GDI_CFLAGS=''
GDI_LIBS=''
GENHTML=''
GIT='${SHELL} /Users/hugob/Documents/Job/Git/Harfbuzz/harfbuzz-7.3.0/missing git'
GITIGNOREFILES += $(CODE_COVERAGE_OUTPUT_FILE) $(CODE_COVERAGE_OUTPUT_DIRECTORY)
GITIGNOREFILES ?=
GLIB_CFLAGS='-I/usr/local/Cellar/glib/2.76.3/include/glib-2.0 -I/usr/local/Cellar/glib/2.76.3/lib/glib-2.0/include -I/usr/local/opt/gettext/include -I/usr/local/Cellar/pcre2/10.42/include'
GLIB_DEPS='glib-2.0 >= 2.19.1'
GLIB_LIBS='-L/usr/local/Cellar/glib/2.76.3/lib -L/usr/local/opt/gettext/lib -lglib-2.0 -lintl'
GLIB_MKENUMS=''
GOBJECT_CFLAGS=''
GOBJECT_LIBS=''
GRAPHITE2_CFLAGS=''
GRAPHITE2_DEPS='graphite2 >= 1.2.0'
GRAPHITE2_LIBS=''
GREP='/usr/bin/grep'
GTKDOC_CHECK='gtkdoc-check.test'
GTKDOC_CHECK_PATH='/usr/local/bin/gtkdoc-check'
GTKDOC_DEPS_CFLAGS='-I/usr/local/Cellar/glib/2.76.3/include -I/usr/local/Cellar/glib/2.76.3/include/glib-2.0 -I/usr/local/Cellar/glib/2.76.3/lib/glib-2.0/include -I/usr/local/opt/gettext/include -I/usr/local/Cellar/pcre2/10.42/include -I/Library/Developer/CommandLineTools/SDKs/MacOSX13.sdk/usr/include/ffi'
GTKDOC_DEPS_LIBS='-L/usr/local/Cellar/glib/2.76.3/lib -L/usr/local/opt/gettext/lib -lgobject-2.0 -lglib-2.0 -lintl'
GTKDOC_MKPDF='/usr/local/bin/gtkdoc-mkpdf'
GTKDOC_REBASE='/usr/local/bin/gtkdoc-rebase'
GTK_DOC_BUILD_HTML_FALSE='#'
GTK_DOC_BUILD_HTML_TRUE=''
GTK_DOC_BUILD_PDF_FALSE=''
GTK_DOC_BUILD_PDF_TRUE='#'
GTK_DOC_USE_LIBTOOL_FALSE='#'
GTK_DOC_USE_LIBTOOL_TRUE=''
GTK_DOC_USE_REBASE_FALSE='#'
GTK_DOC_USE_REBASE_TRUE=''
HAVE_CAIRO_FALSE='#'
HAVE_CAIRO_FT_FALSE='#'
HAVE_CAIRO_FT_TRUE=''
HAVE_CAIRO_TRUE=''
HAVE_CHAFA_FALSE=''
HAVE_CHAFA_TRUE='#'
HAVE_CORETEXT_FALSE=''
HAVE_CORETEXT_TRUE='#'
HAVE_CXX11='1'
HAVE_DIRECTWRITE_FALSE=''
HAVE_DIRECTWRITE_TRUE='#'
HAVE_FREETYPE_FALSE='#'
HAVE_FREETYPE_TRUE=''
HAVE_GCC_FALSE='#'
HAVE_GCC_TRUE=''
HAVE_GDI_FALSE=''
HAVE_GDI_TRUE='#'
HAVE_GLIB_FALSE='#'
HAVE_GLIB_TRUE=''
HAVE_GOBJECT_FALSE=''
HAVE_GOBJECT_TRUE='#'
HAVE_GRAPHITE2_FALSE=''
HAVE_GRAPHITE2_TRUE='#'
HAVE_GTK_DOC_FALSE='#'
HAVE_GTK_DOC_TRUE=''
HAVE_ICU_BUILTIN_FALSE=''
HAVE_ICU_BUILTIN_TRUE='#'
HAVE_ICU_FALSE=''
HAVE_ICU_TRUE='#'
HAVE_INTROSPECTION_FALSE=''
HAVE_INTROSPECTION_TRUE='#'
HAVE_PTHREAD_FALSE='#'
HAVE_PTHREAD_TRUE=''
HAVE_UNISCRIBE_FALSE=''
HAVE_UNISCRIBE_TRUE='#'
HB_LIBTOOL_VERSION_INFO='60730:0:60730'
HB_VERSION='7.3.0'
HB_VERSION_MAJOR='7'
HB_VERSION_MICRO='0'
HB_VERSION_MINOR='3'
HTML_DIR='${datadir}/gtk-doc/html'
ICU_CFLAGS=''
ICU_LIBS=''
INSTALL_DATA='${INSTALL} -m 644'
INSTALL_PROGRAM='${INSTALL}'
INSTALL_SCRIPT='${INSTALL}'
INSTALL_STRIP_PROGRAM='$(install_sh) -c -s'
INTROSPECTION_CFLAGS=''
INTROSPECTION_COMPILER=''
INTROSPECTION_GENERATE=''
INTROSPECTION_GIRDIR=''
INTROSPECTION_LIBS=''
INTROSPECTION_MAKEFILE=''
INTROSPECTION_SCANNER=''
INTROSPECTION_TYPELIBDIR=''
LCOV=''
LD='/Applications/Xcode.app/Contents/Developer/Toolchains/XcodeDefault.xctoolchain/usr/bin/ld'
LDFLAGS=' -Bsymbolic-functions'
LIBOBJS=''
LIBS=''
LIBTOOL='$(SHELL) $(top_builddir)/libtool'
LIPO='lipo'
LN_S='ln -s'
LTLIBOBJS=''
LT_SYS_LIBRARY_PATH=''
MAKEINFO='${SHELL} /Users/hugob/Documents/Job/Git/Harfbuzz/harfbuzz-7.3.0/missing makeinfo'
MANIFEST_TOOL=':'
MKDIR_P='./install-sh -c -d'
NM='/usr/bin/nm -B'
NMEDIT='nmedit'
OBJDUMP='objdump'
OBJEXT='o'
OS_WIN32_FALSE=''
OS_WIN32_TRUE='#'
OTOOL64=':'
OTOOL='otool'
PACKAGE='harfbuzz'
PACKAGE_BUGREPORT='https://github.com/harfbuzz/harfbuzz/issues/new'
PACKAGE_NAME='HarfBuzz'
PACKAGE_STRING='HarfBuzz 7.3.0'
PACKAGE_TARNAME='harfbuzz'
PACKAGE_URL='http://harfbuzz.org/'
PACKAGE_VERSION='7.3.0'
PATH_SEPARATOR=':'
PKG_CONFIG='/usr/local/bin/pkg-config'
PKG_CONFIG_LIBDIR=''
PKG_CONFIG_PATH='/usr/local/opt/harfbuzz/lib/pkgconfig'
PTHREAD_CC='gcc'
PTHREAD_CFLAGS='-pthread'
PTHREAD_LIBS=''
RAGEL='${SHELL} /Users/hugob/Documents/Job/Git/Harfbuzz/harfbuzz-7.3.0/missing ragel'
RANLIB='ranlib'
SED='/usr/bin/sed'
SET_MAKE=''
SHELL='/bin/sh'
STRIP='strip'
UNISCRIBE_CFLAGS=''
UNISCRIBE_LIBS=''
VERSION='7.3.0'
WITH_LIBSTDCXX_FALSE=''
WITH_LIBSTDCXX_TRUE='#'
_GI_EXP_DATADIR=''
_GI_EXP_LIBDIR=''
ac_ct_AR='ar'
ac_ct_CC='gcc'
ac_ct_CXX='g++'
ac_ct_DUMPBIN=''
am__EXEEXT_FALSE=''
am__EXEEXT_TRUE='#'
am__fastdepCC_FALSE='#'
am__fastdepCC_TRUE=''
am__fastdepCXX_FALSE='#'
am__fastdepCXX_TRUE=''
am__include='include'
am__isrc=''
am__leading_dot='.'
am__nodep='_no'
am__quote=''
am__tar='tar --format=ustar -chf - "$$tardir"'
am__untar='tar -xf -'
ax_pthread_config=''
bindir='${exec_prefix}/bin'
build='arm-apple-darwin22.4.0'
build_alias=''
build_cpu='arm'
build_os='darwin22.4.0'
build_vendor='apple'
check-code-coverage:
code-coverage-capture-hook:
code-coverage-capture: code-coverage-capture-hook
code_coverage_quiet = $(code_coverage_quiet_$(V))
code_coverage_quiet_ = $(code_coverage_quiet_$(AM_DEFAULT_VERBOSITY))
code_coverage_quiet_0 = --quiet
code_coverage_sanitize = $(subst -,_,$(subst .,_,$(1)))
code_coverage_v_genhtml = $(code_coverage_v_genhtml_$(V))
code_coverage_v_genhtml_ = $(code_coverage_v_genhtml_$(AM_DEFAULT_VERBOSITY))
code_coverage_v_genhtml_0 = @echo "  GEN   " $(CODE_COVERAGE_OUTPUT_DIRECTORY);
code_coverage_v_lcov_cap = $(code_coverage_v_lcov_cap_$(V))
code_coverage_v_lcov_cap_ = $(code_coverage_v_lcov_cap_$(AM_DEFAULT_VERBOSITY))
code_coverage_v_lcov_cap_0 = @echo "  LCOV   --capture"\
code_coverage_v_lcov_ign = $(code_coverage_v_lcov_ign_$(V))
code_coverage_v_lcov_ign_ = $(code_coverage_v_lcov_ign_$(AM_DEFAULT_VERBOSITY))
code_coverage_v_lcov_ign_0 = @echo "  LCOV   --remove /tmp/*"\
datadir='${datarootdir}'
datarootdir='${prefix}/share'
docdir='${datarootdir}/doc/${PACKAGE_TARNAME}'
dvidir='${docdir}'
exec_prefix='${prefix}'
have_gobject='false'
host='arm-apple-darwin22.4.0'
host_alias=''
host_cpu='arm'
host_os='darwin22.4.0'
host_vendor='apple'
htmldir='${docdir}'
includedir='${prefix}/include'
infodir='${datarootdir}/info'
install_sh='${SHELL} /Users/hugob/Documents/Job/Git/Harfbuzz/harfbuzz-7.3.0/install-sh'
libdir='${exec_prefix}/lib'
libexecdir='${exec_prefix}/libexec'
localedir='${datarootdir}/locale'
localstatedir='${prefix}/var'
mandir='${datarootdir}/man'
mkdir_p='$(MKDIR_P)'
oldincludedir='/usr/include'
pdfdir='${docdir}'
prefix='/usr/local'
program_transform_name='s,x,x,'
psdir='${docdir}'
runstatedir='${localstatedir}/run'
sbindir='${exec_prefix}/sbin'
sharedstatedir='${prefix}/com'
sysconfdir='${prefix}/etc'
target_alias=''

## ----------- ##
## confdefs.h. ##
## ----------- ##

/* confdefs.h */
#define PACKAGE_NAME "HarfBuzz"
#define PACKAGE_TARNAME "harfbuzz"
#define PACKAGE_VERSION "7.3.0"
#define PACKAGE_STRING "HarfBuzz 7.3.0"
#define PACKAGE_BUGREPORT "https://github.com/harfbuzz/harfbuzz/issues/new"
#define PACKAGE_URL "http://harfbuzz.org/"
#define STDC_HEADERS 1
#define HAVE_SYS_TYPES_H 1
#define HAVE_SYS_STAT_H 1
#define HAVE_STDLIB_H 1
#define HAVE_STRING_H 1
#define HAVE_MEMORY_H 1
#define HAVE_STRINGS_H 1
#define HAVE_INTTYPES_H 1
#define HAVE_STDINT_H 1
#define HAVE_UNISTD_H 1
#define HAVE_DLFCN_H 1
#define LT_OBJDIR ".libs/"
#define HAVE_CXX11 1
#define HAVE_ATEXIT 1
#define HAVE_MPROTECT 1
#define HAVE_SYSCONF 1
#define HAVE_GETPAGESIZE 1
#define HAVE_MMAP 1
#define HAVE_ISATTY 1
#define HAVE_NEWLOCALE 1
#define HAVE_USELOCALE 1
#define HAVE_UNISTD_H 1
#define HAVE_SYS_MMAN_H 1
#define HAVE_STDBOOL_H 1
#define HAVE_XLOCALE_H 1
#define ALIGNOF_STRUCT_CHAR__ 1
#define HAVE_PTHREAD_PRIO_INHERIT 1
#define HAVE_PTHREAD 1
#define HAVE_GLIB 1
#define HAVE_CAIRO 1
#define HAVE_CAIRO_FT 1
#define HAVE_FREETYPE 1

configure: exit 0
